[2018-03-03 - 16:39:47] [TimoBot] All available commands:
[2018-03-03 - 16:39:47] [TimoBot]   help             -    shows the help page
[2018-03-03 - 16:39:47] [TimoBot]   version          -    shows the system version
[2018-03-03 - 16:39:47] [TimoBot]   reload           -    reload all configurations
[2018-03-03 - 16:39:47] [TimoBot]   openSupport      -    open the 'Support' channel
[2018-03-03 - 16:39:47] [TimoBot]   closeSupport     -    close the 'Support' channel
[2018-03-03 - 16:39:47] [TimoBot]   exit             -    terminate this process
[2018-03-03 - 16:39:50] [TimoBot] [38;5;63mVersion: [38;5;34m1.0-SNAPSHOT[0m
[2018-03-03 - 16:39:52] [TimoBot] [38;5;63mVersion: [38;5;34m1.0-SNAPSHOT[0m
[2018-03-03 - 16:40:02] [TimoBot] Lasergott is new on the Discord Server!
[2018-03-03 - 16:42:34] [TimoBot] All available commands:
[2018-03-03 - 16:42:34] [TimoBot]   help             -    shows the help page
[2018-03-03 - 16:42:34] [TimoBot]   version          -    shows the system version
[2018-03-03 - 16:42:34] [TimoBot]   reload           -    reload all configurations
[2018-03-03 - 16:42:34] [TimoBot]   openSupport      -    open the 'Support' channel
[2018-03-03 - 16:42:34] [TimoBot]   closeSupport     -    close the 'Support' channel
[2018-03-03 - 16:42:34] [TimoBot]   exit             -    terminate this process
[2018-03-03 - 16:42:46] [TimoBot] All available commands:
[2018-03-03 - 16:42:46] [TimoBot]   help             -    shows the help page
[2018-03-03 - 16:42:46] [TimoBot]   version          -    shows the system version
[2018-03-03 - 16:42:46] [TimoBot]   reload           -    reload all configurations
[2018-03-03 - 16:42:46] [TimoBot]   openSupport      -    open the 'Support' channel
[2018-03-03 - 16:42:46] [TimoBot]   closeSupport     -    close the 'Support' channel
[2018-03-03 - 16:42:46] [TimoBot]   exit             -    terminate this process
[2018-03-03 - 16:42:49] [TimoBot] [38;5;34mSuccessfully reloaded from configuration![0m
[2018-03-03 - 16:42:51] [TimoBot] [38;5;203mUnknown command: versio[0m
[2018-03-03 - 16:42:51] [TimoBot] All available commands:
[2018-03-03 - 16:42:51] [TimoBot]   help             -    shows the help page
[2018-03-03 - 16:42:51] [TimoBot]   version          -    shows the system version
[2018-03-03 - 16:42:51] [TimoBot]   reload           -    reload all configurations
[2018-03-03 - 16:42:51] [TimoBot]   openSupport      -    open the 'Support' channel
[2018-03-03 - 16:42:51] [TimoBot]   closeSupport     -    close the 'Support' channel
[2018-03-03 - 16:42:51] [TimoBot]   exit             -    terminate this process
[2018-03-03 - 16:54:45] [TimoBot] Member Lasergott is waiting in the support-channel (Support-Waitroom)!
