[2018-03-05 - 14:33:10] [MoonBot] Please add an valid message 'memberLeave-Message' in the config.yml
[2018-03-05 - 14:36:13] [MoonBot] Adrian has left the Discord Server! (TimoCloud Support)
[2018-03-05 - 14:36:38] [MoonBot] Adrian is new on the Discord Server! (TimoCloud Support)
[2018-03-05 - 14:37:45] [MoonBot] Adrian has left the Discord Server! (TimoCloud Support)
[2018-03-05 - 14:37:53] [MoonBot] Adrian is new on the Discord Server! (TimoCloud Support)
[2018-03-05 - 14:41:06] [MoonBot] Adrian has left the Discord Server! (TimoCloud Support)
[2018-03-05 - 14:41:07] [MoonBot] Adrian is new on the Discord Server! (TimoCloud Support)
[2018-03-05 - 14:50:15] [MoonBot] All available commands:
[2018-03-05 - 14:50:15] [MoonBot]   help             -    shows the help page
[2018-03-05 - 14:50:15] [MoonBot]   version          -    shows the system version
[2018-03-05 - 14:50:15] [MoonBot]   info             -    guilds bot
[2018-03-05 - 14:50:15] [MoonBot]   reload           -    reload all configurations
[2018-03-05 - 14:50:15] [MoonBot]   openSupport      -    open the 'Support' channel
[2018-03-05 - 14:50:15] [MoonBot]   closeSupport     -    close the 'Support' channel
[2018-03-05 - 14:50:15] [MoonBot]   exit             -    terminate this process
[2018-03-05 - 15:19:28] [MoonBot] [38;5;203mUnknown command: g[0m
[2018-03-05 - 15:19:28] [MoonBot] All available commands:
[2018-03-05 - 15:19:28] [MoonBot]   help             -    shows the help page
[2018-03-05 - 15:19:28] [MoonBot]   version          -    shows the system version
[2018-03-05 - 15:19:28] [MoonBot]   info             -    guilds bot
[2018-03-05 - 15:19:28] [MoonBot]   reload           -    reload all configurations
[2018-03-05 - 15:19:28] [MoonBot]   openSupport      -    open the 'Support' channel
[2018-03-05 - 15:19:28] [MoonBot]   closeSupport     -    close the 'Support' channel
[2018-03-05 - 15:19:28] [MoonBot]   exit             -    terminate this process
[2018-03-05 - 15:22:00] [MoonBot] Lasergott has open the support channel!
[2018-03-05 - 15:22:04] [MoonBot] U:Lasergott(185638176264683520) has close the support channel!
[2018-03-05 - 15:22:10] [MoonBot] U:Lasergott(185638176264683520) has close the support channel!
[2018-03-05 - 15:22:13] [MoonBot] Lasergott has open the support channel!
[2018-03-05 - 15:25:04] [MoonBot] Lasergott has open the support channel!
[2018-03-05 - 15:30:18] [MoonBot] All available commands:
[2018-03-05 - 15:30:18] [MoonBot]   help             -    shows the help page
[2018-03-05 - 15:30:18] [MoonBot]   version          -    shows the system version
[2018-03-05 - 15:30:18] [MoonBot]   info             -    guilds bot
[2018-03-05 - 15:30:18] [MoonBot]   reload           -    reload all configurations
[2018-03-05 - 15:30:18] [MoonBot]   openSupport      -    open the 'Support' channel
[2018-03-05 - 15:30:18] [MoonBot]   closeSupport     -    close the 'Support' channel
[2018-03-05 - 15:30:18] [MoonBot]   exit             -    terminate this process
[2018-03-05 - 15:30:18] [MoonBot] All available commands:
[2018-03-05 - 15:30:18] [MoonBot]   help             -    shows the help page
[2018-03-05 - 15:30:18] [MoonBot]   version          -    shows the system version
[2018-03-05 - 15:30:18] [MoonBot]   info             -    guilds bot
[2018-03-05 - 15:30:18] [MoonBot]   reload           -    reload all configurations
[2018-03-05 - 15:30:18] [MoonBot]   openSupport      -    open the 'Support' channel
[2018-03-05 - 15:30:18] [MoonBot]   closeSupport     -    close the 'Support' channel
[2018-03-05 - 15:30:18] [MoonBot]   exit             -    terminate this process
[2018-03-05 - 15:30:19] [MoonBot] All available commands:
[2018-03-05 - 15:30:19] [MoonBot]   help             -    shows the help page
[2018-03-05 - 15:30:19] [MoonBot]   version          -    shows the system version
[2018-03-05 - 15:30:19] [MoonBot]   info             -    guilds bot
[2018-03-05 - 15:30:19] [MoonBot]   reload           -    reload all configurations
[2018-03-05 - 15:30:19] [MoonBot]   openSupport      -    open the 'Support' channel
[2018-03-05 - 15:30:19] [MoonBot]   closeSupport     -    close the 'Support' channel
[2018-03-05 - 15:30:19] [MoonBot]   exit             -    terminate this process
[2018-03-05 - 15:30:19] [MoonBot] All available commands:
[2018-03-05 - 15:30:19] [MoonBot]   help             -    shows the help page
[2018-03-05 - 15:30:19] [MoonBot]   version          -    shows the system version
[2018-03-05 - 15:30:19] [MoonBot]   info             -    guilds bot
[2018-03-05 - 15:30:19] [MoonBot]   reload           -    reload all configurations
[2018-03-05 - 15:30:19] [MoonBot]   openSupport      -    open the 'Support' channel
[2018-03-05 - 15:30:19] [MoonBot]   closeSupport     -    close the 'Support' channel
[2018-03-05 - 15:30:19] [MoonBot]   exit             -    terminate this process
[2018-03-05 - 15:30:19] [MoonBot] All available commands:
[2018-03-05 - 15:30:19] [MoonBot]   help             -    shows the help page
[2018-03-05 - 15:30:19] [MoonBot]   version          -    shows the system version
[2018-03-05 - 15:30:19] [MoonBot]   info             -    guilds bot
[2018-03-05 - 15:30:19] [MoonBot]   reload           -    reload all configurations
[2018-03-05 - 15:30:19] [MoonBot]   openSupport      -    open the 'Support' channel
[2018-03-05 - 15:30:19] [MoonBot]   closeSupport     -    close the 'Support' channel
[2018-03-05 - 15:30:19] [MoonBot]   exit             -    terminate this process
[2018-03-05 - 15:30:20] [MoonBot] All available commands:
[2018-03-05 - 15:30:20] [MoonBot]   help             -    shows the help page
[2018-03-05 - 15:30:20] [MoonBot]   version          -    shows the system version
[2018-03-05 - 15:30:20] [MoonBot]   info             -    guilds bot
[2018-03-05 - 15:30:20] [MoonBot]   reload           -    reload all configurations
[2018-03-05 - 15:30:20] [MoonBot]   openSupport      -    open the 'Support' channel
[2018-03-05 - 15:30:20] [MoonBot]   closeSupport     -    close the 'Support' channel
[2018-03-05 - 15:30:20] [MoonBot]   exit             -    terminate this process
[2018-03-05 - 15:30:20] [MoonBot] All available commands:
[2018-03-05 - 15:30:20] [MoonBot]   help             -    shows the help page
[2018-03-05 - 15:30:20] [MoonBot]   version          -    shows the system version
[2018-03-05 - 15:30:20] [MoonBot]   info             -    guilds bot
[2018-03-05 - 15:30:20] [MoonBot]   reload           -    reload all configurations
[2018-03-05 - 15:30:20] [MoonBot]   openSupport      -    open the 'Support' channel
[2018-03-05 - 15:30:20] [MoonBot]   closeSupport     -    close the 'Support' channel
[2018-03-05 - 15:30:20] [MoonBot]   exit             -    terminate this process
[2018-03-05 - 15:30:20] [MoonBot] All available commands:
[2018-03-05 - 15:30:20] [MoonBot]   help             -    shows the help page
[2018-03-05 - 15:30:20] [MoonBot]   version          -    shows the system version
[2018-03-05 - 15:30:20] [MoonBot]   info             -    guilds bot
[2018-03-05 - 15:30:20] [MoonBot]   reload           -    reload all configurations
[2018-03-05 - 15:30:20] [MoonBot]   openSupport      -    open the 'Support' channel
[2018-03-05 - 15:30:20] [MoonBot]   closeSupport     -    close the 'Support' channel
[2018-03-05 - 15:30:20] [MoonBot]   exit             -    terminate this process
[2018-03-05 - 15:30:21] [MoonBot] All available commands:
[2018-03-05 - 15:30:21] [MoonBot]   help             -    shows the help page
[2018-03-05 - 15:30:21] [MoonBot]   version          -    shows the system version
[2018-03-05 - 15:30:21] [MoonBot]   info             -    guilds bot
[2018-03-05 - 15:30:21] [MoonBot]   reload           -    reload all configurations
[2018-03-05 - 15:30:21] [MoonBot]   openSupport      -    open the 'Support' channel
[2018-03-05 - 15:30:21] [MoonBot]   closeSupport     -    close the 'Support' channel
[2018-03-05 - 15:30:21] [MoonBot]   exit             -    terminate this process
[2018-03-05 - 15:30:21] [MoonBot] [38;5;203mUnknown command: hepl[0m
[2018-03-05 - 15:30:21] [MoonBot] All available commands:
[2018-03-05 - 15:30:21] [MoonBot]   help             -    shows the help page
[2018-03-05 - 15:30:21] [MoonBot]   version          -    shows the system version
[2018-03-05 - 15:30:21] [MoonBot]   info             -    guilds bot
[2018-03-05 - 15:30:21] [MoonBot]   reload           -    reload all configurations
[2018-03-05 - 15:30:21] [MoonBot]   openSupport      -    open the 'Support' channel
[2018-03-05 - 15:30:21] [MoonBot]   closeSupport     -    close the 'Support' channel
[2018-03-05 - 15:30:21] [MoonBot]   exit             -    terminate this process
[2018-03-05 - 15:30:22] [MoonBot] [38;5;203mUnknown command: hepl[0m
[2018-03-05 - 15:30:22] [MoonBot] All available commands:
[2018-03-05 - 15:30:22] [MoonBot]   help             -    shows the help page
[2018-03-05 - 15:30:22] [MoonBot]   version          -    shows the system version
[2018-03-05 - 15:30:22] [MoonBot]   info             -    guilds bot
[2018-03-05 - 15:30:22] [MoonBot]   reload           -    reload all configurations
[2018-03-05 - 15:30:22] [MoonBot]   openSupport      -    open the 'Support' channel
[2018-03-05 - 15:30:22] [MoonBot]   closeSupport     -    close the 'Support' channel
[2018-03-05 - 15:30:22] [MoonBot]   exit             -    terminate this process
[2018-03-05 - 15:30:22] [MoonBot] All available commands:
[2018-03-05 - 15:30:22] [MoonBot]   help             -    shows the help page
[2018-03-05 - 15:30:22] [MoonBot]   version          -    shows the system version
[2018-03-05 - 15:30:22] [MoonBot]   info             -    guilds bot
[2018-03-05 - 15:30:22] [MoonBot]   reload           -    reload all configurations
[2018-03-05 - 15:30:22] [MoonBot]   openSupport      -    open the 'Support' channel
[2018-03-05 - 15:30:22] [MoonBot]   closeSupport     -    close the 'Support' channel
[2018-03-05 - 15:30:22] [MoonBot]   exit             -    terminate this process
[2018-03-05 - 15:30:22] [MoonBot] All available commands:
[2018-03-05 - 15:30:22] [MoonBot]   help             -    shows the help page
[2018-03-05 - 15:30:22] [MoonBot]   version          -    shows the system version
[2018-03-05 - 15:30:22] [MoonBot]   info             -    guilds bot
[2018-03-05 - 15:30:22] [MoonBot]   reload           -    reload all configurations
[2018-03-05 - 15:30:22] [MoonBot]   openSupport      -    open the 'Support' channel
[2018-03-05 - 15:30:22] [MoonBot]   closeSupport     -    close the 'Support' channel
[2018-03-05 - 15:30:22] [MoonBot]   exit             -    terminate this process
[2018-03-05 - 15:30:23] [MoonBot] All available commands:
[2018-03-05 - 15:30:23] [MoonBot]   help             -    shows the help page
[2018-03-05 - 15:30:23] [MoonBot]   version          -    shows the system version
[2018-03-05 - 15:30:23] [MoonBot]   info             -    guilds bot
[2018-03-05 - 15:30:23] [MoonBot]   reload           -    reload all configurations
[2018-03-05 - 15:30:23] [MoonBot]   openSupport      -    open the 'Support' channel
[2018-03-05 - 15:30:23] [MoonBot]   closeSupport     -    close the 'Support' channel
[2018-03-05 - 15:30:23] [MoonBot]   exit             -    terminate this process
[2018-03-05 - 15:30:23] [MoonBot] All available commands:
[2018-03-05 - 15:30:23] [MoonBot]   help             -    shows the help page
[2018-03-05 - 15:30:23] [MoonBot]   version          -    shows the system version
[2018-03-05 - 15:30:23] [MoonBot]   info             -    guilds bot
[2018-03-05 - 15:30:23] [MoonBot]   reload           -    reload all configurations
[2018-03-05 - 15:30:23] [MoonBot]   openSupport      -    open the 'Support' channel
[2018-03-05 - 15:30:23] [MoonBot]   closeSupport     -    close the 'Support' channel
[2018-03-05 - 15:30:23] [MoonBot]   exit             -    terminate this process
[2018-03-05 - 15:30:25] [MoonBot] All available commands:
[2018-03-05 - 15:30:25] [MoonBot]   help             -    shows the help page
[2018-03-05 - 15:30:25] [MoonBot]   version          -    shows the system version
[2018-03-05 - 15:30:25] [MoonBot]   info             -    guilds bot
[2018-03-05 - 15:30:25] [MoonBot]   reload           -    reload all configurations
[2018-03-05 - 15:30:25] [MoonBot]   openSupport      -    open the 'Support' channel
[2018-03-05 - 15:30:25] [MoonBot]   closeSupport     -    close the 'Support' channel
[2018-03-05 - 15:30:25] [MoonBot]   exit             -    terminate this process
[2018-03-05 - 15:40:16] [MoonBot] [38;5;203mWrong usage.[0m
[2018-03-05 - 15:40:16] [MoonBot] All available commands:
[2018-03-05 - 15:40:16] [MoonBot]   help             -    shows the help page
[2018-03-05 - 15:40:16] [MoonBot]   version          -    shows the system version
[2018-03-05 - 15:40:16] [MoonBot]   info             -    guilds bot
[2018-03-05 - 15:40:16] [MoonBot]   reload           -    reload all configurations
[2018-03-05 - 15:40:16] [MoonBot]   openSupport      -    open the 'Support' channel
[2018-03-05 - 15:40:16] [MoonBot]   closeSupport     -    close the 'Support' channel
[2018-03-05 - 15:40:16] [MoonBot]   exit             -    terminate this process
[2018-03-05 - 15:40:17] [MoonBot] [38;5;203mWrong usage.[0m
[2018-03-05 - 15:40:17] [MoonBot] All available commands:
[2018-03-05 - 15:40:17] [MoonBot]   help             -    shows the help page
[2018-03-05 - 15:40:17] [MoonBot]   version          -    shows the system version
[2018-03-05 - 15:40:17] [MoonBot]   info             -    guilds bot
[2018-03-05 - 15:40:17] [MoonBot]   reload           -    reload all configurations
[2018-03-05 - 15:40:17] [MoonBot]   openSupport      -    open the 'Support' channel
[2018-03-05 - 15:40:17] [MoonBot]   closeSupport     -    close the 'Support' channel
[2018-03-05 - 15:40:17] [MoonBot]   exit             -    terminate this process
[2018-03-05 - 15:42:18] [MoonBot] [38;5;203mWrong usage.[0m
[2018-03-05 - 15:42:18] [MoonBot] All available commands:
[2018-03-05 - 15:42:18] [MoonBot]   help             -    shows the help page
[2018-03-05 - 15:42:18] [MoonBot]   version          -    shows the system version
[2018-03-05 - 15:42:18] [MoonBot]   info             -    guilds bot
[2018-03-05 - 15:42:18] [MoonBot]   reload           -    reload all configurations
[2018-03-05 - 15:42:18] [MoonBot]   openSupport      -    open the 'Support' channel
[2018-03-05 - 15:42:18] [MoonBot]   closeSupport     -    close the 'Support' channel
[2018-03-05 - 15:42:18] [MoonBot]   exit             -    terminate this process
[2018-03-05 - 15:47:49] [MoonBot] Please use: say <Guild> <Channel> <Message>
[2018-03-05 - 15:47:56] [MoonBot] Please use: say <Guild> <Channel> <Message>
[2018-03-05 - 15:48:00] [MoonBot] [38;5;203mUnknown command: [A[0m
[2018-03-05 - 15:48:00] [MoonBot] All available commands:
[2018-03-05 - 15:48:00] [MoonBot]   help             -    shows the help page
[2018-03-05 - 15:48:00] [MoonBot]   version          -    shows the system version
[2018-03-05 - 15:48:00] [MoonBot]   info             -    guilds bot
[2018-03-05 - 15:48:00] [MoonBot]   reload           -    reload all configurations
[2018-03-05 - 15:48:00] [MoonBot]   openSupport      -    open the 'Support' channel
[2018-03-05 - 15:48:00] [MoonBot]   closeSupport     -    close the 'Support' channel
[2018-03-05 - 15:48:00] [MoonBot]   exit             -    terminate this process
[2018-03-05 - 15:48:00] [MoonBot] [38;5;203mUnknown command: [A[0m
[2018-03-05 - 15:48:00] [MoonBot] All available commands:
[2018-03-05 - 15:48:00] [MoonBot]   help             -    shows the help page
[2018-03-05 - 15:48:00] [MoonBot]   version          -    shows the system version
[2018-03-05 - 15:48:00] [MoonBot]   info             -    guilds bot
[2018-03-05 - 15:48:00] [MoonBot]   reload           -    reload all configurations
[2018-03-05 - 15:48:00] [MoonBot]   openSupport      -    open the 'Support' channel
[2018-03-05 - 15:48:00] [MoonBot]   closeSupport     -    close the 'Support' channel
[2018-03-05 - 15:48:00] [MoonBot]   exit             -    terminate this process
[2018-03-05 - 15:48:00] [MoonBot] [38;5;203mUnknown command: [A[0m
[2018-03-05 - 15:48:00] [MoonBot] All available commands:
[2018-03-05 - 15:48:00] [MoonBot]   help             -    shows the help page
[2018-03-05 - 15:48:00] [MoonBot]   version          -    shows the system version
[2018-03-05 - 15:48:00] [MoonBot]   info             -    guilds bot
[2018-03-05 - 15:48:00] [MoonBot]   reload           -    reload all configurations
[2018-03-05 - 15:48:00] [MoonBot]   openSupport      -    open the 'Support' channel
[2018-03-05 - 15:48:00] [MoonBot]   closeSupport     -    close the 'Support' channel
[2018-03-05 - 15:48:00] [MoonBot]   exit             -    terminate this process
[2018-03-05 - 15:48:00] [MoonBot] [38;5;203mUnknown command: [A[0m
[2018-03-05 - 15:48:00] [MoonBot] All available commands:
[2018-03-05 - 15:48:00] [MoonBot]   help             -    shows the help page
[2018-03-05 - 15:48:00] [MoonBot]   version          -    shows the system version
[2018-03-05 - 15:48:00] [MoonBot]   info             -    guilds bot
[2018-03-05 - 15:48:00] [MoonBot]   reload           -    reload all configurations
[2018-03-05 - 15:48:00] [MoonBot]   openSupport      -    open the 'Support' channel
[2018-03-05 - 15:48:00] [MoonBot]   closeSupport     -    close the 'Support' channel
[2018-03-05 - 15:48:00] [MoonBot]   exit             -    terminate this process
[2018-03-05 - 15:48:00] [MoonBot] [38;5;203mUnknown command: [A[A[0m
[2018-03-05 - 15:48:00] [MoonBot] All available commands:
[2018-03-05 - 15:48:00] [MoonBot]   help             -    shows the help page
[2018-03-05 - 15:48:00] [MoonBot]   version          -    shows the system version
[2018-03-05 - 15:48:00] [MoonBot]   info             -    guilds bot
[2018-03-05 - 15:48:00] [MoonBot]   reload           -    reload all configurations
[2018-03-05 - 15:48:00] [MoonBot]   openSupport      -    open the 'Support' channel
[2018-03-05 - 15:48:00] [MoonBot]   closeSupport     -    close the 'Support' channel
[2018-03-05 - 15:48:00] [MoonBot]   exit             -    terminate this process
[2018-03-05 - 15:48:03] [MoonBot] [38;5;203mUnknown command: [A[0m
[2018-03-05 - 15:48:03] [MoonBot] All available commands:
[2018-03-05 - 15:48:03] [MoonBot]   help             -    shows the help page
[2018-03-05 - 15:48:03] [MoonBot]   version          -    shows the system version
[2018-03-05 - 15:48:03] [MoonBot]   info             -    guilds bot
[2018-03-05 - 15:48:03] [MoonBot]   reload           -    reload all configurations
[2018-03-05 - 15:48:03] [MoonBot]   openSupport      -    open the 'Support' channel
[2018-03-05 - 15:48:03] [MoonBot]   closeSupport     -    close the 'Support' channel
[2018-03-05 - 15:48:03] [MoonBot]   exit             -    terminate this process
[2018-03-05 - 15:48:03] [MoonBot] [38;5;203mUnknown command: [A[0m
[2018-03-05 - 15:48:03] [MoonBot] All available commands:
[2018-03-05 - 15:48:03] [MoonBot]   help             -    shows the help page
[2018-03-05 - 15:48:03] [MoonBot]   version          -    shows the system version
[2018-03-05 - 15:48:03] [MoonBot]   info             -    guilds bot
[2018-03-05 - 15:48:03] [MoonBot]   reload           -    reload all configurations
[2018-03-05 - 15:48:03] [MoonBot]   openSupport      -    open the 'Support' channel
[2018-03-05 - 15:48:03] [MoonBot]   closeSupport     -    close the 'Support' channel
[2018-03-05 - 15:48:03] [MoonBot]   exit             -    terminate this process
[2018-03-05 - 15:48:03] [MoonBot] [38;5;203mUnknown command: [A[0m
[2018-03-05 - 15:48:03] [MoonBot] All available commands:
[2018-03-05 - 15:48:03] [MoonBot]   help             -    shows the help page
[2018-03-05 - 15:48:03] [MoonBot]   version          -    shows the system version
[2018-03-05 - 15:48:03] [MoonBot]   info             -    guilds bot
[2018-03-05 - 15:48:03] [MoonBot]   reload           -    reload all configurations
[2018-03-05 - 15:48:03] [MoonBot]   openSupport      -    open the 'Support' channel
[2018-03-05 - 15:48:03] [MoonBot]   closeSupport     -    close the 'Support' channel
[2018-03-05 - 15:48:03] [MoonBot]   exit             -    terminate this process
[2018-03-05 - 15:49:03] [MoonBot] Please use: say <Guild> <Channel> <Message>
[2018-03-05 - 15:49:10] [MoonBot] Please use: say <Guild> <Channel> <Message>
[2018-03-05 - 15:51:58] [MoonBot] All available commands:
[2018-03-05 - 15:51:58] [MoonBot]   help             -    shows the help page
[2018-03-05 - 15:51:58] [MoonBot]   version          -    shows the system version
[2018-03-05 - 15:51:58] [MoonBot]   info             -    guilds bot
[2018-03-05 - 15:51:58] [MoonBot]   reload           -    reload all configurations
[2018-03-05 - 15:51:58] [MoonBot]   openSupport      -    open the 'Support' channel
[2018-03-05 - 15:51:58] [MoonBot]   closeSupport     -    close the 'Support' channel
[2018-03-05 - 15:51:58] [MoonBot]   exit             -    terminate this process
[2018-03-05 - 15:52:18] [MoonBot] All available commands:
[2018-03-05 - 15:52:18] [MoonBot]   help             -    shows the help page
[2018-03-05 - 15:52:18] [MoonBot]   version          -    shows the system version
[2018-03-05 - 15:52:18] [MoonBot]   info             -    guilds bot
[2018-03-05 - 15:52:18] [MoonBot]   reload           -    reload all configurations
[2018-03-05 - 15:52:18] [MoonBot]   openSupport      -    open the 'Support' channel
[2018-03-05 - 15:52:18] [MoonBot]   closeSupport     -    close the 'Support' channel
[2018-03-05 - 15:52:18] [MoonBot]   exit             -    terminate this process
[2018-03-05 - 15:52:19] [MoonBot] [38;5;63mVersion: [38;5;34m1.0-SNAPSHOT[0m
[2018-03-05 - 15:52:20] [MoonBot] All available commands:
[2018-03-05 - 15:52:20] [MoonBot]   help             -    shows the help page
[2018-03-05 - 15:52:20] [MoonBot]   version          -    shows the system version
[2018-03-05 - 15:52:20] [MoonBot]   info             -    guilds bot
[2018-03-05 - 15:52:20] [MoonBot]   reload           -    reload all configurations
[2018-03-05 - 15:52:20] [MoonBot]   openSupport      -    open the 'Support' channel
[2018-03-05 - 15:52:20] [MoonBot]   closeSupport     -    close the 'Support' channel
[2018-03-05 - 15:52:20] [MoonBot]   exit             -    terminate this process
[2018-03-05 - 15:52:22] [MoonBot] Please use: say <Guild> <Channel> <Message>
[2018-03-05 - 15:52:41] [MoonBot] Sucuess full send a message to G:IamBetterThanYou(409019652539285504) (test, Message: Hey klappt das per console? xD
[2018-03-05 - 15:52:48] [MoonBot] Sucuess full send a message to G:IamBetterThanYou(409019652539285504) (test, Message: huch schies nice
[2018-03-05 - 15:53:12] [MoonBot] Sucuess full send a message to IamBetterThanYou (test, Message: Hey klappt das per console? xD
[2018-03-05 - 15:53:15] [MoonBot] Sucuess full send a message to IamBetterThanYou (test, Message: Hey klappt das per console? xD
[2018-03-05 - 16:28:07] [MoonBot] Lasergott has close the support channel!
[2018-03-05 - 16:28:14] [MoonBot] Lasergott has open the support channel!
[2018-03-05 - 16:35:42] [MoonBot] All available commands:
[2018-03-05 - 16:35:42] [MoonBot]   help             -    shows the help page
[2018-03-05 - 16:35:42] [MoonBot]   info             -    guilds bot
[2018-03-05 - 16:35:42] [MoonBot]   reload           -    reload all configurations
[2018-03-05 - 16:35:42] [MoonBot]   openSupport      -    open the 'Support' channel
[2018-03-05 - 16:35:42] [MoonBot]   closeSupport     -    close the 'Support' channel
[2018-03-05 - 16:35:42] [MoonBot]   exit             -    terminate this process
[2018-03-05 - 16:35:42] [MoonBot]   say              -    Use say <Guild> <Channel> <Message>
[2018-03-05 - 16:35:49] [MoonBot] Lasergott has reloaded the bot configuration.
[2018-03-05 - 16:35:49] [MoonBot] Please add an valid message 'reload.Message' in the config.yml
[2018-03-05 - 16:36:58] [MoonBot] All available commands:
[2018-03-05 - 16:36:58] [MoonBot]   help             -    shows the help page
[2018-03-05 - 16:36:58] [MoonBot]   info             -    guilds bot
[2018-03-05 - 16:36:58] [MoonBot]   reload           -    reload all configurations
[2018-03-05 - 16:36:58] [MoonBot]   openSupport      -    open the 'Support' channel
[2018-03-05 - 16:36:58] [MoonBot]   closeSupport     -    close the 'Support' channel
[2018-03-05 - 16:36:58] [MoonBot]   exit             -    terminate this process
[2018-03-05 - 16:36:58] [MoonBot]   say              -    Use say <Guild> <Channel> <Message>
[2018-03-05 - 16:36:58] [MoonBot] All available commands:
[2018-03-05 - 16:36:58] [MoonBot]   help             -    shows the help page
[2018-03-05 - 16:36:58] [MoonBot]   info             -    guilds bot
[2018-03-05 - 16:36:58] [MoonBot]   reload           -    reload all configurations
[2018-03-05 - 16:36:58] [MoonBot]   openSupport      -    open the 'Support' channel
[2018-03-05 - 16:36:58] [MoonBot]   closeSupport     -    close the 'Support' channel
[2018-03-05 - 16:36:58] [MoonBot]   exit             -    terminate this process
[2018-03-05 - 16:36:58] [MoonBot]   say              -    Use say <Guild> <Channel> <Message>
[2018-03-05 - 16:37:02] [MoonBot] Lasergott has reloaded the bot configuration.
[2018-03-05 - 16:37:02] [MoonBot] Please add an valid message 'reload.Channel' in the config.yml
[2018-03-05 - 16:37:42] [MoonBot] Lasergott has reloaded the bot configuration.
[2018-03-05 - 16:37:45] [MoonBot] Lasergott has reloaded the bot configuration.
[2018-03-05 - 16:38:09] [MoonBot] Lasergott has reloaded the bot configuration.
[2018-03-05 - 16:38:13] [MoonBot] [38;5;34mSuccessfully reloaded from configuration![0m
[2018-03-05 - 16:46:14] [MoonBot] Lasergott send successful a message to IamBetterThanYou (test, Message: servus)
[2018-03-05 - 16:46:31] [MoonBot] Lasergott send successful a message to IamBetterThanYou (updates, Message: hey)
[2018-03-05 - 16:47:06] [MoonBot] Adrian send successful a message to IamBetterThanYou (test, Message: Mahlzeit)
[2018-03-05 - 16:47:27] [MoonBot] Lasergott send successful a message to TimoCloud (support-german, Message: test)
[2018-03-05 - 16:52:19] [MoonBot] [38;5;63mAuthor: [38;5;34mLasergott | Sebastian[0m
[2018-03-05 - 16:52:19] [MoonBot] [38;5;63mVersion: [38;5;34m1.0-SNAPSHOT[0m
[2018-03-05 - 16:52:19] [MoonBot] [38;5;63mGuild using this bot: [38;5;34m2[0m
[2018-03-05 - 16:52:19] [MoonBot] [38;5;63mOur Homepage: [38;5;34mhttps://timo.cloud[0m
[2018-03-05 - 16:53:04] [MoonBot] [38;5;63mAuthor: [38;5;34mLasergott | Sebastian[0m
[2018-03-05 - 16:53:04] [MoonBot] [38;5;63mVersion: [38;5;34m1.0-SNAPSHOT[0m
[2018-03-05 - 16:53:04] [MoonBot] [38;5;63mGuild using this bot: [38;5;34m2[0m
[2018-03-05 - 16:53:04] [MoonBot] [38;5;63mGuild names using this bot: [38;5;34mIamBetterThanYou, TimoCloud, [0m
[2018-03-05 - 16:53:04] [MoonBot] [38;5;63mOur Homepage: [38;5;34mhttps://timo.cloud[0m
[2018-03-05 - 16:53:13] [MoonBot] [38;5;63mAuthor: [38;5;34mLasergott | Sebastian[0m
[2018-03-05 - 16:53:13] [MoonBot] [38;5;63mVersion: [38;5;34m1.0-SNAPSHOT[0m
[2018-03-05 - 16:53:13] [MoonBot] [38;5;63mGuild using this bot: [38;5;34m2[0m
[2018-03-05 - 16:53:13] [MoonBot] [38;5;63mGuild names using this bot: [38;5;34mIamBetterThanYou, TimoCloud, [0m
[2018-03-05 - 16:53:13] [MoonBot] [38;5;63mOur Homepage: [38;5;34mhttps://timo.cloud[0m
[2018-03-05 - 16:53:13] [MoonBot] [38;5;63mAuthor: [38;5;34mLasergott | Sebastian[0m
[2018-03-05 - 16:53:13] [MoonBot] [38;5;63mVersion: [38;5;34m1.0-SNAPSHOT[0m
[2018-03-05 - 16:53:13] [MoonBot] [38;5;63mGuild using this bot: [38;5;34m2[0m
[2018-03-05 - 16:53:13] [MoonBot] [38;5;63mGuild names using this bot: [38;5;34mIamBetterThanYou, TimoCloud, [0m
[2018-03-05 - 16:53:13] [MoonBot] [38;5;63mOur Homepage: [38;5;34mhttps://timo.cloud[0m
[2018-03-05 - 16:53:14] [MoonBot] [38;5;63mAuthor: [38;5;34mLasergott | Sebastian[0m
[2018-03-05 - 16:53:14] [MoonBot] [38;5;63mVersion: [38;5;34m1.0-SNAPSHOT[0m
[2018-03-05 - 16:53:14] [MoonBot] [38;5;63mGuild using this bot: [38;5;34m2[0m
[2018-03-05 - 16:53:14] [MoonBot] [38;5;63mGuild names using this bot: [38;5;34mIamBetterThanYou, TimoCloud, [0m
[2018-03-05 - 16:53:14] [MoonBot] [38;5;63mOur Homepage: [38;5;34mhttps://timo.cloud[0m
[2018-03-05 - 16:53:14] [MoonBot] [38;5;63mAuthor: [38;5;34mLasergott | Sebastian[0m
[2018-03-05 - 16:53:14] [MoonBot] [38;5;63mVersion: [38;5;34m1.0-SNAPSHOT[0m
[2018-03-05 - 16:53:14] [MoonBot] [38;5;63mGuild using this bot: [38;5;34m2[0m
[2018-03-05 - 16:53:14] [MoonBot] [38;5;63mGuild names using this bot: [38;5;34mIamBetterThanYou, TimoCloud, [0m
[2018-03-05 - 16:53:14] [MoonBot] [38;5;63mOur Homepage: [38;5;34mhttps://timo.cloud[0m
[2018-03-05 - 16:53:14] [MoonBot] [38;5;203mUnknown command: [A[0m
[2018-03-05 - 16:53:14] [MoonBot] All available commands:
[2018-03-05 - 16:53:14] [MoonBot]   help             -    shows the help page
[2018-03-05 - 16:53:14] [MoonBot]   info             -    information's about the bot
[2018-03-05 - 16:53:14] [MoonBot]   reload           -    reload all configurations
[2018-03-05 - 16:53:14] [MoonBot]   openSupport      -    open the 'Support' channel
[2018-03-05 - 16:53:14] [MoonBot]   closeSupport     -    close the 'Support' channel
[2018-03-05 - 16:53:14] [MoonBot]   exit             -    terminate this process
[2018-03-05 - 16:53:14] [MoonBot]   say              -    Use say <Guild> <Channel> <Message>
[2018-03-05 - 16:53:14] [MoonBot] [38;5;203mUnknown command: [A[0m
[2018-03-05 - 16:53:14] [MoonBot] All available commands:
[2018-03-05 - 16:53:14] [MoonBot]   help             -    shows the help page
[2018-03-05 - 16:53:14] [MoonBot]   info             -    information's about the bot
[2018-03-05 - 16:53:14] [MoonBot]   reload           -    reload all configurations
[2018-03-05 - 16:53:14] [MoonBot]   openSupport      -    open the 'Support' channel
[2018-03-05 - 16:53:14] [MoonBot]   closeSupport     -    close the 'Support' channel
[2018-03-05 - 16:53:14] [MoonBot]   exit             -    terminate this process
[2018-03-05 - 16:53:14] [MoonBot]   say              -    Use say <Guild> <Channel> <Message>
[2018-03-05 - 16:53:15] [MoonBot] [38;5;203mUnknown command: [A[0m
[2018-03-05 - 16:53:15] [MoonBot] All available commands:
[2018-03-05 - 16:53:15] [MoonBot]   help             -    shows the help page
[2018-03-05 - 16:53:15] [MoonBot]   info             -    information's about the bot
[2018-03-05 - 16:53:15] [MoonBot]   reload           -    reload all configurations
[2018-03-05 - 16:53:15] [MoonBot]   openSupport      -    open the 'Support' channel
[2018-03-05 - 16:53:15] [MoonBot]   closeSupport     -    close the 'Support' channel
[2018-03-05 - 16:53:15] [MoonBot]   exit             -    terminate this process
[2018-03-05 - 16:53:15] [MoonBot]   say              -    Use say <Guild> <Channel> <Message>
[2018-03-05 - 16:59:22] [MoonBot] [38;5;203mWrong usage.[0m
[2018-03-05 - 16:59:22] [MoonBot] All available commands:
[2018-03-05 - 16:59:22] [MoonBot]   help             -    shows the help page
[2018-03-05 - 16:59:22] [MoonBot]   info             -    information's about the bot
[2018-03-05 - 16:59:22] [MoonBot]   reload           -    reload all configurations
[2018-03-05 - 16:59:22] [MoonBot]   openSupport      -    open the 'Support' channel
[2018-03-05 - 16:59:22] [MoonBot]   closeSupport     -    close the 'Support' channel
[2018-03-05 - 16:59:22] [MoonBot]   exit             -    terminate this process
[2018-03-05 - 16:59:22] [MoonBot]   say              -    Use say <Guild> <Channel> <Message>
[2018-03-05 - 16:59:33] [MoonBot] [38;5;203mWrong usage.[0m
[2018-03-05 - 16:59:33] [MoonBot] All available commands:
[2018-03-05 - 16:59:33] [MoonBot]   help             -    shows the help page
[2018-03-05 - 16:59:33] [MoonBot]   info             -    information's about the bot
[2018-03-05 - 16:59:33] [MoonBot]   reload           -    reload all configurations
[2018-03-05 - 16:59:33] [MoonBot]   openSupport      -    open the 'Support' channel
[2018-03-05 - 16:59:33] [MoonBot]   closeSupport     -    close the 'Support' channel
[2018-03-05 - 16:59:33] [MoonBot]   exit             -    terminate this process
[2018-03-05 - 16:59:33] [MoonBot]   say              -    Use say <Guild> <Channel> <Message>
[2018-03-05 - 16:59:40] [MoonBot] [38;5;203mWrong usage.[0m
[2018-03-05 - 16:59:40] [MoonBot] All available commands:
[2018-03-05 - 16:59:40] [MoonBot]   help             -    shows the help page
[2018-03-05 - 16:59:40] [MoonBot]   info             -    information's about the bot
[2018-03-05 - 16:59:40] [MoonBot]   reload           -    reload all configurations
[2018-03-05 - 16:59:40] [MoonBot]   openSupport      -    open the 'Support' channel
[2018-03-05 - 16:59:40] [MoonBot]   closeSupport     -    close the 'Support' channel
[2018-03-05 - 16:59:40] [MoonBot]   exit             -    terminate this process
[2018-03-05 - 16:59:40] [MoonBot]   say              -    Use say <Guild> <Channel> <Message>
[2018-03-05 - 16:59:42] [MoonBot] CONSOLE has open the support channel!
[2018-03-05 - 16:59:44] [MoonBot] CONSOLE has open the support channel!
[2018-03-05 - 16:59:53] [MoonBot] CONSOLE has close the support channel!
[2018-03-05 - 17:01:31] [MoonBot] Please use: closeSupport <Guild>
[2018-03-05 - 17:01:38] [MoonBot] Please use: openSupport <Guild>
[2018-03-05 - 17:01:39] [MoonBot] Please use: openSupport <Guild>
[2018-03-05 - 17:01:43] [MoonBot] CONSOLE has open the support channel!
[2018-03-05 - 17:01:43] [MoonBot] [38;5;203mUnknown command: openSupport[0m
[2018-03-05 - 17:01:43] [MoonBot] All available commands:
[2018-03-05 - 17:01:43] [MoonBot]   help             -    shows the help page
[2018-03-05 - 17:01:43] [MoonBot]   info             -    information's about the bot
[2018-03-05 - 17:01:43] [MoonBot]   reload           -    reload all configurations
[2018-03-05 - 17:01:43] [MoonBot]   openSupport      -    open the 'Support' channel
[2018-03-05 - 17:01:43] [MoonBot]   closeSupport     -    close the 'Support' channel
[2018-03-05 - 17:01:43] [MoonBot]   exit             -    terminate this process
[2018-03-05 - 17:01:43] [MoonBot]   say              -    Use say <Guild> <Channel> <Message>
[2018-03-05 - 17:01:45] [MoonBot] CONSOLE has open the support channel!
[2018-03-05 - 17:01:45] [MoonBot] [38;5;203mUnknown command: openSupport[0m
[2018-03-05 - 17:01:45] [MoonBot] All available commands:
[2018-03-05 - 17:01:45] [MoonBot]   help             -    shows the help page
[2018-03-05 - 17:01:45] [MoonBot]   info             -    information's about the bot
[2018-03-05 - 17:01:45] [MoonBot]   reload           -    reload all configurations
[2018-03-05 - 17:01:45] [MoonBot]   openSupport      -    open the 'Support' channel
[2018-03-05 - 17:01:45] [MoonBot]   closeSupport     -    close the 'Support' channel
[2018-03-05 - 17:01:45] [MoonBot]   exit             -    terminate this process
[2018-03-05 - 17:01:45] [MoonBot]   say              -    Use say <Guild> <Channel> <Message>
[2018-03-05 - 17:01:47] [MoonBot] CONSOLE has open the support channel!
[2018-03-05 - 17:01:47] [MoonBot] [38;5;203mUnknown command: openSupport[0m
[2018-03-05 - 17:01:47] [MoonBot] All available commands:
[2018-03-05 - 17:01:47] [MoonBot]   help             -    shows the help page
[2018-03-05 - 17:01:47] [MoonBot]   info             -    information's about the bot
[2018-03-05 - 17:01:47] [MoonBot]   reload           -    reload all configurations
[2018-03-05 - 17:01:47] [MoonBot]   openSupport      -    open the 'Support' channel
[2018-03-05 - 17:01:47] [MoonBot]   closeSupport     -    close the 'Support' channel
[2018-03-05 - 17:01:47] [MoonBot]   exit             -    terminate this process
[2018-03-05 - 17:01:47] [MoonBot]   say              -    Use say <Guild> <Channel> <Message>
[2018-03-05 - 17:01:48] [MoonBot] CONSOLE has open the support channel!
[2018-03-05 - 17:01:48] [MoonBot] [38;5;203mUnknown command: openSupport[0m
[2018-03-05 - 17:01:48] [MoonBot] All available commands:
[2018-03-05 - 17:01:48] [MoonBot]   help             -    shows the help page
[2018-03-05 - 17:01:48] [MoonBot]   info             -    information's about the bot
[2018-03-05 - 17:01:48] [MoonBot]   reload           -    reload all configurations
[2018-03-05 - 17:01:48] [MoonBot]   openSupport      -    open the 'Support' channel
[2018-03-05 - 17:01:48] [MoonBot]   closeSupport     -    close the 'Support' channel
[2018-03-05 - 17:01:48] [MoonBot]   exit             -    terminate this process
[2018-03-05 - 17:01:48] [MoonBot]   say              -    Use say <Guild> <Channel> <Message>
[2018-03-05 - 17:01:48] [MoonBot] CONSOLE has open the support channel!
[2018-03-05 - 17:01:48] [MoonBot] [38;5;203mUnknown command: openSupport[0m
[2018-03-05 - 17:01:48] [MoonBot] All available commands:
[2018-03-05 - 17:01:48] [MoonBot]   help             -    shows the help page
[2018-03-05 - 17:01:48] [MoonBot]   info             -    information's about the bot
[2018-03-05 - 17:01:48] [MoonBot]   reload           -    reload all configurations
[2018-03-05 - 17:01:48] [MoonBot]   openSupport      -    open the 'Support' channel
[2018-03-05 - 17:01:48] [MoonBot]   closeSupport     -    close the 'Support' channel
[2018-03-05 - 17:01:48] [MoonBot]   exit             -    terminate this process
[2018-03-05 - 17:01:48] [MoonBot]   say              -    Use say <Guild> <Channel> <Message>
[2018-03-05 - 17:01:49] [MoonBot] CONSOLE has open the support channel!
[2018-03-05 - 17:01:49] [MoonBot] [38;5;203mUnknown command: openSupport[0m
[2018-03-05 - 17:01:49] [MoonBot] All available commands:
[2018-03-05 - 17:01:49] [MoonBot]   help             -    shows the help page
[2018-03-05 - 17:01:49] [MoonBot]   info             -    information's about the bot
[2018-03-05 - 17:01:49] [MoonBot]   reload           -    reload all configurations
[2018-03-05 - 17:01:49] [MoonBot]   openSupport      -    open the 'Support' channel
[2018-03-05 - 17:01:49] [MoonBot]   closeSupport     -    close the 'Support' channel
[2018-03-05 - 17:01:49] [MoonBot]   exit             -    terminate this process
[2018-03-05 - 17:01:49] [MoonBot]   say              -    Use say <Guild> <Channel> <Message>
[2018-03-05 - 17:02:15] [MoonBot] All available commands:
[2018-03-05 - 17:02:15] [MoonBot]   help             -    shows the help page
[2018-03-05 - 17:02:15] [MoonBot]   info             -    information's about the bot
[2018-03-05 - 17:02:15] [MoonBot]   reload           -    reload all configurations
[2018-03-05 - 17:02:15] [MoonBot]   openSupport      -    open the 'Support' channel
[2018-03-05 - 17:02:15] [MoonBot]   closeSupport     -    close the 'Support' channel
[2018-03-05 - 17:02:15] [MoonBot]   exit             -    terminate this process
[2018-03-05 - 17:02:15] [MoonBot]   say              -    Use say <Guild> <Channel> <Message>
[2018-03-05 - 17:02:21] [MoonBot] All available commands:
[2018-03-05 - 17:02:21] [MoonBot]   help             -    shows the help page
[2018-03-05 - 17:02:21] [MoonBot]   info             -    information's about the bot
[2018-03-05 - 17:02:21] [MoonBot]   reload           -    reload all configurations
[2018-03-05 - 17:02:21] [MoonBot]   openSupport      -    open the 'Support' channel
[2018-03-05 - 17:02:21] [MoonBot]   closeSupport     -    close the 'Support' channel
[2018-03-05 - 17:02:21] [MoonBot]   exit             -    terminate this process
[2018-03-05 - 17:02:21] [MoonBot]   say              -    Use say <Guild> <Channel> <Message>
[2018-03-05 - 17:02:25] [MoonBot] Please use: closeSupport <Guild>
[2018-03-05 - 17:02:28] [MoonBot] CONSOLE has open the support channel!
[2018-03-05 - 17:02:28] [MoonBot] [38;5;203mUnknown command: openSupport[0m
[2018-03-05 - 17:02:28] [MoonBot] All available commands:
[2018-03-05 - 17:02:28] [MoonBot]   help             -    shows the help page
[2018-03-05 - 17:02:28] [MoonBot]   info             -    information's about the bot
[2018-03-05 - 17:02:28] [MoonBot]   reload           -    reload all configurations
[2018-03-05 - 17:02:28] [MoonBot]   openSupport      -    open the 'Support' channel
[2018-03-05 - 17:02:28] [MoonBot]   closeSupport     -    close the 'Support' channel
[2018-03-05 - 17:02:28] [MoonBot]   exit             -    terminate this process
[2018-03-05 - 17:02:28] [MoonBot]   say              -    Use say <Guild> <Channel> <Message>
[2018-03-05 - 17:02:30] [MoonBot] Please use: closeSupport <Guild>
[2018-03-05 - 17:02:36] [MoonBot] Please use: closeSupport <Guild>
[2018-03-05 - 17:02:41] [MoonBot] CONSOLE has open the support channel!
[2018-03-05 - 17:02:46] [MoonBot] CONSOLE has close the support channel!
[2018-03-05 - 17:10:58] [MoonBot] CONSOLE has open the support channel!
[2018-03-05 - 17:24:00] [MoonBot] All available commands:
[2018-03-05 - 17:24:00] [MoonBot]   help             -    shows the help page
[2018-03-05 - 17:24:00] [MoonBot]   info             -    information's about the bot
[2018-03-05 - 17:24:00] [MoonBot]   reload           -    reload all configurations
[2018-03-05 - 17:24:00] [MoonBot]   openSupport      -    open the 'Support' channel
[2018-03-05 - 17:24:00] [MoonBot]   closeSupport     -    close the 'Support' channel
[2018-03-05 - 17:24:00] [MoonBot]   exit             -    terminate this process
[2018-03-05 - 17:24:00] [MoonBot]   say              -    Use say <Guild> <Channel> <Message>
[2018-03-05 - 17:24:03] [MoonBot] Please use: openSupport <Guild>
[2018-03-05 - 17:24:08] [MoonBot] CONSOLE has open the support channel!
[2018-03-05 - 17:24:23] [MoonBot] CONSOLE has open the support channel!
[2018-03-05 - 17:24:33] [MoonBot] CONSOLE has open the support channel!
[2018-03-05 - 17:24:41] [MoonBot] CONSOLE has close the support channel!
