[2018-03-09 - 16:33:53] [MoonBot] User Lasergott executed the command .music
[2018-03-09 - 16:34:42] [MoonBot] User Lasergott executed the command .music play https://www.youtube.com/watch?v=LKv03arsAsI
[2018-03-09 - 16:34:47] [MoonBot] MemberLasergott is waiting in the support-channel (Support-Waitroom)!
[2018-03-09 - 16:34:58] [MoonBot] User Lasergott executed the command .music play https://www.youtube.com/watch?v=LKv03arsAsI
[2018-03-09 - 16:35:09] [MoonBot] User Adrian executed the command .music qu
[2018-03-09 - 16:38:10] [MoonBot] User Lasergott executed the command .music play https://www.youtube.com/watch?v=XMDhVt8TWnY
[2018-03-09 - 16:38:19] [MoonBot] Maby it is wokring
[2018-03-09 - 16:40:03] [MoonBot] User Lasergott executed the command .music play https://www.youtube.com/watch?v=XMDhVt8TWnY
[2018-03-09 - 16:40:07] [MoonBot] Maby it is wokring
[2018-03-09 - 16:40:08] [MoonBot] User Adrian executed the command .music qu
[2018-03-09 - 16:42:10] [MoonBot] User Lasergott executed the command .music play https://www.youtube.com/watch?v=XMDhVt8TWnY
[2018-03-09 - 16:42:14] [MoonBot] Maby it is wokring
[2018-03-09 - 16:42:14] [MoonBot] it works!
[2018-03-09 - 16:42:14] [MoonBot] User Lasergott executed the command .music loop
[2018-03-09 - 16:42:40] [MoonBot] User Adrian executed the command .music qu
[2018-03-09 - 16:43:33] [MoonBot] All available commands:
[2018-03-09 - 16:43:33] [MoonBot]   help             -    shows the help page
[2018-03-09 - 16:43:33] [MoonBot]   info             -    information's about the bot
[2018-03-09 - 16:43:33] [MoonBot]   reload           -    reload all configurations
[2018-03-09 - 16:43:33] [MoonBot]   openSupport      -    open the 'Support' channel
[2018-03-09 - 16:43:33] [MoonBot]   closeSupport     -    close the 'Support' channel
[2018-03-09 - 16:43:33] [MoonBot]   exit             -    terminate this process
[2018-03-09 - 16:43:33] [MoonBot]   say              -    Use say <Guild> <Channel> <Message>
[2018-03-09 - 16:43:41] [MoonBot] All available commands:
[2018-03-09 - 16:43:41] [MoonBot]   help             -    shows the help page
[2018-03-09 - 16:43:41] [MoonBot]   info             -    information's about the bot
[2018-03-09 - 16:43:41] [MoonBot]   reload           -    reload all configurations
[2018-03-09 - 16:43:41] [MoonBot]   openSupport      -    open the 'Support' channel
[2018-03-09 - 16:43:41] [MoonBot]   closeSupport     -    close the 'Support' channel
[2018-03-09 - 16:43:41] [MoonBot]   exit             -    terminate this process
[2018-03-09 - 16:43:41] [MoonBot]   say              -    Use say <Guild> <Channel> <Message>
[2018-03-09 - 16:43:41] [MoonBot] All available commands:
[2018-03-09 - 16:43:41] [MoonBot]   help             -    shows the help page
[2018-03-09 - 16:43:41] [MoonBot]   info             -    information's about the bot
[2018-03-09 - 16:43:41] [MoonBot]   reload           -    reload all configurations
[2018-03-09 - 16:43:41] [MoonBot]   openSupport      -    open the 'Support' channel
[2018-03-09 - 16:43:41] [MoonBot]   closeSupport     -    close the 'Support' channel
[2018-03-09 - 16:43:41] [MoonBot]   exit             -    terminate this process
[2018-03-09 - 16:43:41] [MoonBot]   say              -    Use say <Guild> <Channel> <Message>
[2018-03-09 - 16:43:41] [MoonBot] All available commands:
[2018-03-09 - 16:43:41] [MoonBot]   help             -    shows the help page
[2018-03-09 - 16:43:41] [MoonBot]   info             -    information's about the bot
[2018-03-09 - 16:43:41] [MoonBot]   reload           -    reload all configurations
[2018-03-09 - 16:43:41] [MoonBot]   openSupport      -    open the 'Support' channel
[2018-03-09 - 16:43:41] [MoonBot]   closeSupport     -    close the 'Support' channel
[2018-03-09 - 16:43:41] [MoonBot]   exit             -    terminate this process
[2018-03-09 - 16:43:41] [MoonBot]   say              -    Use say <Guild> <Channel> <Message>
[2018-03-09 - 16:43:41] [MoonBot] All available commands:
[2018-03-09 - 16:43:41] [MoonBot]   help             -    shows the help page
[2018-03-09 - 16:43:41] [MoonBot]   info             -    information's about the bot
[2018-03-09 - 16:43:41] [MoonBot]   reload           -    reload all configurations
[2018-03-09 - 16:43:41] [MoonBot]   openSupport      -    open the 'Support' channel
[2018-03-09 - 16:43:41] [MoonBot]   closeSupport     -    close the 'Support' channel
[2018-03-09 - 16:43:41] [MoonBot]   exit             -    terminate this process
[2018-03-09 - 16:43:41] [MoonBot]   say              -    Use say <Guild> <Channel> <Message>
[2018-03-09 - 16:53:25] [MoonBot] User Lasergott executed the command .music play https://www.youtube.com/watch?v=XMDhVt8TWnY
[2018-03-09 - 16:53:29] [MoonBot] User Lasergott executed the command .music loop
[2018-03-09 - 16:56:19] [MoonBot] User Lasergott executed the command .music play https://www.youtube.com/watch?v=XMDhVt8TWnY
[2018-03-09 - 16:56:22] [MoonBot] User Lasergott executed the command .music loop
[2018-03-09 - 17:24:31] [MoonBot] User Lasergott executed the command .music play https://www.youtube.com/watch?v=G10kKbB5I54
[2018-03-09 - 17:24:35] [MoonBot] User Lasergott executed the command .music loop
[2018-03-09 - 17:24:42] [MoonBot] User Lasergott executed the command .music stop
[2018-03-09 - 17:24:45] [MoonBot] User Lasergott executed the command .music play https://www.youtube.com/watch?v=G10kKbB5I54
[2018-03-09 - 17:26:48] [MoonBot] User Lasergott executed the command .music play https://www.youtube.com/watch?v=G10kKbB5I54
[2018-03-09 - 17:26:52] [MoonBot] User Lasergott executed the command .music loop
[2018-03-09 - 17:29:51] [MoonBot] User Lasergott executed the command .music play https://www.youtube.com/watch?v=G10kKbB5I54
[2018-03-09 - 17:29:54] [MoonBot] User Lasergott executed the command .music loop
[2018-03-09 - 17:30:27] [MoonBot] User Lasergott executed the command .music play https://www.youtube.com/watch?v=G10kKbB5I54
[2018-03-09 - 17:30:30] [MoonBot] User Lasergott executed the command .music loop
[2018-03-09 - 17:32:43] [MoonBot] User Lasergott executed the command .music play https://www.youtube.com/watch?v=G10kKbB5I54
[2018-03-09 - 17:32:47] [MoonBot] User Lasergott executed the command .music loop
[2018-03-09 - 17:32:49] [MoonBot] User Lasergott executed the command .music loop
[2018-03-09 - 17:32:51] [MoonBot] User Adrian executed the command .music qu
[2018-03-09 - 17:35:08] [MoonBot] User Lasergott executed the command .music play https://www.youtube.com/watch?v=G10kKbB5I54
[2018-03-09 - 17:35:11] [MoonBot] User Adrian executed the command .music qu
[2018-03-09 - 17:35:13] [MoonBot] User Lasergott executed the command .music loop
[2018-03-09 - 17:36:29] [MoonBot] User Lasergott executed the command .music play https://www.youtube.com/watch?v=G10kKbB5I54
[2018-03-09 - 17:36:33] [MoonBot] User Lasergott executed the command .music loop
