[2018-03-04 - 09:15:15] [TimoBot] All available commands:
[2018-03-04 - 09:15:15] [TimoBot]   help             -    shows the help page
[2018-03-04 - 09:15:15] [TimoBot]   version          -    shows the system version
[2018-03-04 - 09:15:15] [TimoBot]   reload           -    reload all configurations
[2018-03-04 - 09:15:15] [TimoBot]   openSupport      -    open the 'Support' channel
[2018-03-04 - 09:15:15] [TimoBot]   closeSupport     -    close the 'Support' channel
[2018-03-04 - 09:15:15] [TimoBot]   exit             -    terminate this process
[2018-03-04 - 09:15:19] [TimoBot] [38;5;203mWrong usage.[0m
[2018-03-04 - 09:15:19] [TimoBot] All available commands:
[2018-03-04 - 09:15:19] [TimoBot]   help             -    shows the help page
[2018-03-04 - 09:15:19] [TimoBot]   version          -    shows the system version
[2018-03-04 - 09:15:19] [TimoBot]   reload           -    reload all configurations
[2018-03-04 - 09:15:19] [TimoBot]   openSupport      -    open the 'Support' channel
[2018-03-04 - 09:15:19] [TimoBot]   closeSupport     -    close the 'Support' channel
[2018-03-04 - 09:15:19] [TimoBot]   exit             -    terminate this process
[2018-03-04 - 09:15:21] [TimoBot] [38;5;203mWrong usage.[0m
[2018-03-04 - 09:15:21] [TimoBot] All available commands:
[2018-03-04 - 09:15:21] [TimoBot]   help             -    shows the help page
[2018-03-04 - 09:15:21] [TimoBot]   version          -    shows the system version
[2018-03-04 - 09:15:21] [TimoBot]   reload           -    reload all configurations
[2018-03-04 - 09:15:21] [TimoBot]   openSupport      -    open the 'Support' channel
[2018-03-04 - 09:15:21] [TimoBot]   closeSupport     -    close the 'Support' channel
[2018-03-04 - 09:15:21] [TimoBot]   exit             -    terminate this process
[2018-03-04 - 09:15:22] [TimoBot] [38;5;203mWrong usage.[0m
[2018-03-04 - 09:15:22] [TimoBot] All available commands:
[2018-03-04 - 09:15:22] [TimoBot]   help             -    shows the help page
[2018-03-04 - 09:15:22] [TimoBot]   version          -    shows the system version
[2018-03-04 - 09:15:22] [TimoBot]   reload           -    reload all configurations
[2018-03-04 - 09:15:22] [TimoBot]   openSupport      -    open the 'Support' channel
[2018-03-04 - 09:15:22] [TimoBot]   closeSupport     -    close the 'Support' channel
[2018-03-04 - 09:15:22] [TimoBot]   exit             -    terminate this process
[2018-03-04 - 09:15:22] [TimoBot] [38;5;203mWrong usage.[0m
[2018-03-04 - 09:15:22] [TimoBot] All available commands:
[2018-03-04 - 09:15:22] [TimoBot]   help             -    shows the help page
[2018-03-04 - 09:15:22] [TimoBot]   version          -    shows the system version
[2018-03-04 - 09:15:22] [TimoBot]   reload           -    reload all configurations
[2018-03-04 - 09:15:22] [TimoBot]   openSupport      -    open the 'Support' channel
[2018-03-04 - 09:15:22] [TimoBot]   closeSupport     -    close the 'Support' channel
[2018-03-04 - 09:15:22] [TimoBot]   exit             -    terminate this process
[2018-03-04 - 09:15:23] [TimoBot] [38;5;203mUnknown command: exie[0m
[2018-03-04 - 09:15:23] [TimoBot] All available commands:
[2018-03-04 - 09:15:23] [TimoBot]   help             -    shows the help page
[2018-03-04 - 09:15:23] [TimoBot]   version          -    shows the system version
[2018-03-04 - 09:15:23] [TimoBot]   reload           -    reload all configurations
[2018-03-04 - 09:15:23] [TimoBot]   openSupport      -    open the 'Support' channel
[2018-03-04 - 09:15:23] [TimoBot]   closeSupport     -    close the 'Support' channel
[2018-03-04 - 09:15:23] [TimoBot]   exit             -    terminate this process
[2018-03-04 - 09:15:24] [TimoBot] [38;5;203mWrong usage.[0m
[2018-03-04 - 09:15:24] [TimoBot] All available commands:
[2018-03-04 - 09:15:24] [TimoBot]   help             -    shows the help page
[2018-03-04 - 09:15:24] [TimoBot]   version          -    shows the system version
[2018-03-04 - 09:15:24] [TimoBot]   reload           -    reload all configurations
[2018-03-04 - 09:15:24] [TimoBot]   openSupport      -    open the 'Support' channel
[2018-03-04 - 09:15:24] [TimoBot]   closeSupport     -    close the 'Support' channel
[2018-03-04 - 09:15:24] [TimoBot]   exit             -    terminate this process
[2018-03-04 - 09:15:25] [TimoBot] [38;5;203mWrong usage.[0m
[2018-03-04 - 09:15:25] [TimoBot] All available commands:
[2018-03-04 - 09:15:25] [TimoBot]   help             -    shows the help page
[2018-03-04 - 09:15:25] [TimoBot]   version          -    shows the system version
[2018-03-04 - 09:15:25] [TimoBot]   reload           -    reload all configurations
[2018-03-04 - 09:15:25] [TimoBot]   openSupport      -    open the 'Support' channel
[2018-03-04 - 09:15:25] [TimoBot]   closeSupport     -    close the 'Support' channel
[2018-03-04 - 09:15:25] [TimoBot]   exit             -    terminate this process
[2018-03-04 - 09:15:26] [TimoBot] [38;5;203mUnknown command: excit[0m
[2018-03-04 - 09:15:26] [TimoBot] All available commands:
[2018-03-04 - 09:15:26] [TimoBot]   help             -    shows the help page
[2018-03-04 - 09:15:26] [TimoBot]   version          -    shows the system version
[2018-03-04 - 09:15:26] [TimoBot]   reload           -    reload all configurations
[2018-03-04 - 09:15:26] [TimoBot]   openSupport      -    open the 'Support' channel
[2018-03-04 - 09:15:26] [TimoBot]   closeSupport     -    close the 'Support' channel
[2018-03-04 - 09:15:26] [TimoBot]   exit             -    terminate this process
[2018-03-04 - 09:15:27] [TimoBot] [38;5;203mWrong usage.[0m
[2018-03-04 - 09:15:27] [TimoBot] All available commands:
[2018-03-04 - 09:15:27] [TimoBot]   help             -    shows the help page
[2018-03-04 - 09:15:27] [TimoBot]   version          -    shows the system version
[2018-03-04 - 09:15:27] [TimoBot]   reload           -    reload all configurations
[2018-03-04 - 09:15:27] [TimoBot]   openSupport      -    open the 'Support' channel
[2018-03-04 - 09:15:27] [TimoBot]   closeSupport     -    close the 'Support' channel
[2018-03-04 - 09:15:27] [TimoBot]   exit             -    terminate this process
[2018-03-04 - 09:15:27] [TimoBot] [38;5;203mWrong usage.[0m
[2018-03-04 - 09:15:27] [TimoBot] All available commands:
[2018-03-04 - 09:15:27] [TimoBot]   help             -    shows the help page
[2018-03-04 - 09:15:27] [TimoBot]   version          -    shows the system version
[2018-03-04 - 09:15:27] [TimoBot]   reload           -    reload all configurations
[2018-03-04 - 09:15:27] [TimoBot]   openSupport      -    open the 'Support' channel
[2018-03-04 - 09:15:27] [TimoBot]   closeSupport     -    close the 'Support' channel
[2018-03-04 - 09:15:27] [TimoBot]   exit             -    terminate this process
[2018-03-04 - 09:16:21] [TimoBot] All available commands:
[2018-03-04 - 09:16:21] [TimoBot]   help             -    shows the help page
[2018-03-04 - 09:16:21] [TimoBot]   version          -    shows the system version
[2018-03-04 - 09:16:21] [TimoBot]   reload           -    reload all configurations
[2018-03-04 - 09:16:21] [TimoBot]   openSupport      -    open the 'Support' channel
[2018-03-04 - 09:16:21] [TimoBot]   closeSupport     -    close the 'Support' channel
[2018-03-04 - 09:16:21] [TimoBot]   exit             -    terminate this process
[2018-03-04 - 09:16:22] [TimoBot] [38;5;203mUnknown command: hepl[0m
[2018-03-04 - 09:16:22] [TimoBot] All available commands:
[2018-03-04 - 09:16:22] [TimoBot]   help             -    shows the help page
[2018-03-04 - 09:16:22] [TimoBot]   version          -    shows the system version
[2018-03-04 - 09:16:22] [TimoBot]   reload           -    reload all configurations
[2018-03-04 - 09:16:22] [TimoBot]   openSupport      -    open the 'Support' channel
[2018-03-04 - 09:16:22] [TimoBot]   closeSupport     -    close the 'Support' channel
[2018-03-04 - 09:16:22] [TimoBot]   exit             -    terminate this process
[2018-03-04 - 09:16:22] [TimoBot] [38;5;203mUnknown command: hepl[0m
[2018-03-04 - 09:16:22] [TimoBot] All available commands:
[2018-03-04 - 09:16:22] [TimoBot]   help             -    shows the help page
[2018-03-04 - 09:16:22] [TimoBot]   version          -    shows the system version
[2018-03-04 - 09:16:22] [TimoBot]   reload           -    reload all configurations
[2018-03-04 - 09:16:22] [TimoBot]   openSupport      -    open the 'Support' channel
[2018-03-04 - 09:16:22] [TimoBot]   closeSupport     -    close the 'Support' channel
[2018-03-04 - 09:16:22] [TimoBot]   exit             -    terminate this process
[2018-03-04 - 09:16:23] [TimoBot] All available commands:
[2018-03-04 - 09:16:23] [TimoBot]   help             -    shows the help page
[2018-03-04 - 09:16:23] [TimoBot]   version          -    shows the system version
[2018-03-04 - 09:16:23] [TimoBot]   reload           -    reload all configurations
[2018-03-04 - 09:16:23] [TimoBot]   openSupport      -    open the 'Support' channel
[2018-03-04 - 09:16:23] [TimoBot]   closeSupport     -    close the 'Support' channel
[2018-03-04 - 09:16:23] [TimoBot]   exit             -    terminate this process
[2018-03-04 - 09:16:23] [TimoBot] [38;5;203mUnknown command: hepl[0m
[2018-03-04 - 09:16:23] [TimoBot] All available commands:
[2018-03-04 - 09:16:23] [TimoBot]   help             -    shows the help page
[2018-03-04 - 09:16:23] [TimoBot]   version          -    shows the system version
[2018-03-04 - 09:16:23] [TimoBot]   reload           -    reload all configurations
[2018-03-04 - 09:16:23] [TimoBot]   openSupport      -    open the 'Support' channel
[2018-03-04 - 09:16:23] [TimoBot]   closeSupport     -    close the 'Support' channel
[2018-03-04 - 09:16:23] [TimoBot]   exit             -    terminate this process
[2018-03-04 - 09:19:59] [TimoBot] All available commands:
[2018-03-04 - 09:19:59] [TimoBot]   help             -    shows the help page
[2018-03-04 - 09:19:59] [TimoBot]   version          -    shows the system version
[2018-03-04 - 09:19:59] [TimoBot]   reload           -    reload all configurations
[2018-03-04 - 09:19:59] [TimoBot]   openSupport      -    open the 'Support' channel
[2018-03-04 - 09:19:59] [TimoBot]   closeSupport     -    close the 'Support' channel
[2018-03-04 - 09:19:59] [TimoBot]   exit             -    terminate this process
[2018-03-04 - 09:54:08] [TimoBot] All available commands:
[2018-03-04 - 09:54:08] [TimoBot]   help             -    shows the help page
[2018-03-04 - 09:54:08] [TimoBot]   version          -    shows the system version
[2018-03-04 - 09:54:08] [TimoBot]   info             -    guilds bot
[2018-03-04 - 09:54:08] [TimoBot]   reload           -    reload all configurations
[2018-03-04 - 09:54:08] [TimoBot]   openSupport      -    open the 'Support' channel
[2018-03-04 - 09:54:08] [TimoBot]   closeSupport     -    close the 'Support' channel
[2018-03-04 - 09:54:08] [TimoBot]   exit             -    terminate this process
[2018-03-04 - 09:54:09] [TimoBot] [38;5;203mUnknown command: bot[0m
[2018-03-04 - 09:54:10] [TimoBot] All available commands:
[2018-03-04 - 09:54:10] [TimoBot]   help             -    shows the help page
[2018-03-04 - 09:54:10] [TimoBot]   version          -    shows the system version
[2018-03-04 - 09:54:10] [TimoBot]   info             -    guilds bot
[2018-03-04 - 09:54:10] [TimoBot]   reload           -    reload all configurations
[2018-03-04 - 09:54:10] [TimoBot]   openSupport      -    open the 'Support' channel
[2018-03-04 - 09:54:10] [TimoBot]   closeSupport     -    close the 'Support' channel
[2018-03-04 - 09:54:10] [TimoBot]   exit             -    terminate this process
[2018-03-04 - 09:54:10] [TimoBot] [38;5;203mUnknown command: bot[0m
[2018-03-04 - 09:54:10] [TimoBot] All available commands:
[2018-03-04 - 09:54:10] [TimoBot]   help             -    shows the help page
[2018-03-04 - 09:54:10] [TimoBot]   version          -    shows the system version
[2018-03-04 - 09:54:10] [TimoBot]   info             -    guilds bot
[2018-03-04 - 09:54:10] [TimoBot]   reload           -    reload all configurations
[2018-03-04 - 09:54:10] [TimoBot]   openSupport      -    open the 'Support' channel
[2018-03-04 - 09:54:10] [TimoBot]   closeSupport     -    close the 'Support' channel
[2018-03-04 - 09:54:10] [TimoBot]   exit             -    terminate this process
[2018-03-04 - 09:54:11] [TimoBot] [38;5;203mUnknown command: bot[0m
[2018-03-04 - 09:54:11] [TimoBot] All available commands:
[2018-03-04 - 09:54:11] [TimoBot]   help             -    shows the help page
[2018-03-04 - 09:54:11] [TimoBot]   version          -    shows the system version
[2018-03-04 - 09:54:11] [TimoBot]   info             -    guilds bot
[2018-03-04 - 09:54:11] [TimoBot]   reload           -    reload all configurations
[2018-03-04 - 09:54:11] [TimoBot]   openSupport      -    open the 'Support' channel
[2018-03-04 - 09:54:11] [TimoBot]   closeSupport     -    close the 'Support' channel
[2018-03-04 - 09:54:11] [TimoBot]   exit             -    terminate this process
[2018-03-04 - 09:54:11] [TimoBot] [38;5;203mUnknown command: bot[0m
[2018-03-04 - 09:54:11] [TimoBot] All available commands:
[2018-03-04 - 09:54:11] [TimoBot]   help             -    shows the help page
[2018-03-04 - 09:54:11] [TimoBot]   version          -    shows the system version
[2018-03-04 - 09:54:11] [TimoBot]   info             -    guilds bot
[2018-03-04 - 09:54:11] [TimoBot]   reload           -    reload all configurations
[2018-03-04 - 09:54:11] [TimoBot]   openSupport      -    open the 'Support' channel
[2018-03-04 - 09:54:11] [TimoBot]   closeSupport     -    close the 'Support' channel
[2018-03-04 - 09:54:11] [TimoBot]   exit             -    terminate this process
[2018-03-04 - 09:54:12] [TimoBot] [38;5;203mUnknown command: bot[0m
[2018-03-04 - 09:54:12] [TimoBot] All available commands:
[2018-03-04 - 09:54:12] [TimoBot]   help             -    shows the help page
[2018-03-04 - 09:54:12] [TimoBot]   version          -    shows the system version
[2018-03-04 - 09:54:12] [TimoBot]   info             -    guilds bot
[2018-03-04 - 09:54:12] [TimoBot]   reload           -    reload all configurations
[2018-03-04 - 09:54:12] [TimoBot]   openSupport      -    open the 'Support' channel
[2018-03-04 - 09:54:12] [TimoBot]   closeSupport     -    close the 'Support' channel
[2018-03-04 - 09:54:12] [TimoBot]   exit             -    terminate this process
[2018-03-04 - 09:54:12] [TimoBot] [38;5;203mUnknown command: bot[0m
[2018-03-04 - 09:54:12] [TimoBot] All available commands:
[2018-03-04 - 09:54:12] [TimoBot]   help             -    shows the help page
[2018-03-04 - 09:54:12] [TimoBot]   version          -    shows the system version
[2018-03-04 - 09:54:12] [TimoBot]   info             -    guilds bot
[2018-03-04 - 09:54:12] [TimoBot]   reload           -    reload all configurations
[2018-03-04 - 09:54:12] [TimoBot]   openSupport      -    open the 'Support' channel
[2018-03-04 - 09:54:12] [TimoBot]   closeSupport     -    close the 'Support' channel
[2018-03-04 - 09:54:12] [TimoBot]   exit             -    terminate this process
[2018-03-04 - 09:54:12] [TimoBot] [38;5;203mUnknown command: bot[0m
[2018-03-04 - 09:54:12] [TimoBot] All available commands:
[2018-03-04 - 09:54:12] [TimoBot]   help             -    shows the help page
[2018-03-04 - 09:54:12] [TimoBot]   version          -    shows the system version
[2018-03-04 - 09:54:12] [TimoBot]   info             -    guilds bot
[2018-03-04 - 09:54:12] [TimoBot]   reload           -    reload all configurations
[2018-03-04 - 09:54:12] [TimoBot]   openSupport      -    open the 'Support' channel
[2018-03-04 - 09:54:12] [TimoBot]   closeSupport     -    close the 'Support' channel
[2018-03-04 - 09:54:12] [TimoBot]   exit             -    terminate this process
[2018-03-04 - 09:54:13] [TimoBot] [38;5;203mUnknown command: bot[0m
[2018-03-04 - 09:54:13] [TimoBot] All available commands:
[2018-03-04 - 09:54:13] [TimoBot]   help             -    shows the help page
[2018-03-04 - 09:54:13] [TimoBot]   version          -    shows the system version
[2018-03-04 - 09:54:13] [TimoBot]   info             -    guilds bot
[2018-03-04 - 09:54:13] [TimoBot]   reload           -    reload all configurations
[2018-03-04 - 09:54:13] [TimoBot]   openSupport      -    open the 'Support' channel
[2018-03-04 - 09:54:13] [TimoBot]   closeSupport     -    close the 'Support' channel
[2018-03-04 - 09:54:13] [TimoBot]   exit             -    terminate this process
[2018-03-04 - 09:54:13] [TimoBot] [38;5;203mUnknown command: bot[0m
[2018-03-04 - 09:54:13] [TimoBot] All available commands:
[2018-03-04 - 09:54:13] [TimoBot]   help             -    shows the help page
[2018-03-04 - 09:54:13] [TimoBot]   version          -    shows the system version
[2018-03-04 - 09:54:13] [TimoBot]   info             -    guilds bot
[2018-03-04 - 09:54:13] [TimoBot]   reload           -    reload all configurations
[2018-03-04 - 09:54:13] [TimoBot]   openSupport      -    open the 'Support' channel
[2018-03-04 - 09:54:13] [TimoBot]   closeSupport     -    close the 'Support' channel
[2018-03-04 - 09:54:13] [TimoBot]   exit             -    terminate this process
[2018-03-04 - 09:54:14] [TimoBot] [38;5;203mUnknown command: btob[0m
[2018-03-04 - 09:54:14] [TimoBot] All available commands:
[2018-03-04 - 09:54:14] [TimoBot]   help             -    shows the help page
[2018-03-04 - 09:54:14] [TimoBot]   version          -    shows the system version
[2018-03-04 - 09:54:14] [TimoBot]   info             -    guilds bot
[2018-03-04 - 09:54:14] [TimoBot]   reload           -    reload all configurations
[2018-03-04 - 09:54:14] [TimoBot]   openSupport      -    open the 'Support' channel
[2018-03-04 - 09:54:14] [TimoBot]   closeSupport     -    close the 'Support' channel
[2018-03-04 - 09:54:14] [TimoBot]   exit             -    terminate this process
[2018-03-04 - 09:54:14] [TimoBot] [38;5;203mUnknown command: tob[0m
[2018-03-04 - 09:54:14] [TimoBot] All available commands:
[2018-03-04 - 09:54:14] [TimoBot]   help             -    shows the help page
[2018-03-04 - 09:54:14] [TimoBot]   version          -    shows the system version
[2018-03-04 - 09:54:14] [TimoBot]   info             -    guilds bot
[2018-03-04 - 09:54:14] [TimoBot]   reload           -    reload all configurations
[2018-03-04 - 09:54:14] [TimoBot]   openSupport      -    open the 'Support' channel
[2018-03-04 - 09:54:14] [TimoBot]   closeSupport     -    close the 'Support' channel
[2018-03-04 - 09:54:14] [TimoBot]   exit             -    terminate this process
[2018-03-04 - 09:54:15] [TimoBot] [38;5;203mUnknown command: tobt[0m
[2018-03-04 - 09:54:15] [TimoBot] All available commands:
[2018-03-04 - 09:54:15] [TimoBot]   help             -    shows the help page
[2018-03-04 - 09:54:15] [TimoBot]   version          -    shows the system version
[2018-03-04 - 09:54:15] [TimoBot]   info             -    guilds bot
[2018-03-04 - 09:54:15] [TimoBot]   reload           -    reload all configurations
[2018-03-04 - 09:54:15] [TimoBot]   openSupport      -    open the 'Support' channel
[2018-03-04 - 09:54:15] [TimoBot]   closeSupport     -    close the 'Support' channel
[2018-03-04 - 09:54:15] [TimoBot]   exit             -    terminate this process
[2018-03-04 - 09:55:28] [TimoBot] [38;5;203mUnknown command: oinfo[0m
[2018-03-04 - 09:55:28] [TimoBot] All available commands:
[2018-03-04 - 09:55:28] [TimoBot]   help             -    shows the help page
[2018-03-04 - 09:55:28] [TimoBot]   version          -    shows the system version
[2018-03-04 - 09:55:28] [TimoBot]   info             -    guilds bot
[2018-03-04 - 09:55:28] [TimoBot]   reload           -    reload all configurations
[2018-03-04 - 09:55:28] [TimoBot]   openSupport      -    open the 'Support' channel
[2018-03-04 - 09:55:28] [TimoBot]   closeSupport     -    close the 'Support' channel
[2018-03-04 - 09:55:28] [TimoBot]   exit             -    terminate this process
[2018-03-04 - 09:55:29] [TimoBot] 
Dieser Bot läuft auf den folgenden Gilden: 
IamBetterThanYou(409019652539285504) 
TimoCloud Support(334713789666689044) 

[2018-03-04 - 09:55:32] [TimoBot] 
Dieser Bot läuft auf den folgenden Gilden: 
IamBetterThanYou(409019652539285504) 
TimoCloud Support(334713789666689044) 

[2018-03-04 - 09:55:32] [TimoBot] 
Dieser Bot läuft auf den folgenden Gilden: 
IamBetterThanYou(409019652539285504) 
TimoCloud Support(334713789666689044) 

[2018-03-04 - 09:55:33] [TimoBot] 
Dieser Bot läuft auf den folgenden Gilden: 
IamBetterThanYou(409019652539285504) 
TimoCloud Support(334713789666689044) 

[2018-03-04 - 09:55:35] [TimoBot] 
Dieser Bot läuft auf den folgenden Gilden: 
IamBetterThanYou(409019652539285504) 
TimoCloud Support(334713789666689044) 

[2018-03-04 - 09:55:35] [TimoBot] 
Dieser Bot läuft auf den folgenden Gilden: 
IamBetterThanYou(409019652539285504) 
TimoCloud Support(334713789666689044) 

[2018-03-04 - 09:55:36] [TimoBot] 
Dieser Bot läuft auf den folgenden Gilden: 
IamBetterThanYou(409019652539285504) 
TimoCloud Support(334713789666689044) 

[2018-03-04 - 09:55:37] [TimoBot] 
Dieser Bot läuft auf den folgenden Gilden: 
IamBetterThanYou(409019652539285504) 
TimoCloud Support(334713789666689044) 

[2018-03-04 - 09:55:38] [TimoBot] 
Dieser Bot läuft auf den folgenden Gilden: 
IamBetterThanYou(409019652539285504) 
TimoCloud Support(334713789666689044) 

[2018-03-04 - 09:55:38] [TimoBot] 
Dieser Bot läuft auf den folgenden Gilden: 
IamBetterThanYou(409019652539285504) 
TimoCloud Support(334713789666689044) 

[2018-03-04 - 09:55:39] [TimoBot] 
Dieser Bot läuft auf den folgenden Gilden: 
IamBetterThanYou(409019652539285504) 
TimoCloud Support(334713789666689044) 

[2018-03-04 - 09:55:40] [TimoBot] 
Dieser Bot läuft auf den folgenden Gilden: 
IamBetterThanYou(409019652539285504) 
TimoCloud Support(334713789666689044) 

[2018-03-04 - 09:55:41] [TimoBot] [38;5;203mUnknown command: inf[0m
[2018-03-04 - 09:55:41] [TimoBot] All available commands:
[2018-03-04 - 09:55:41] [TimoBot]   help             -    shows the help page
[2018-03-04 - 09:55:41] [TimoBot]   version          -    shows the system version
[2018-03-04 - 09:55:41] [TimoBot]   info             -    guilds bot
[2018-03-04 - 09:55:41] [TimoBot]   reload           -    reload all configurations
[2018-03-04 - 09:55:41] [TimoBot]   openSupport      -    open the 'Support' channel
[2018-03-04 - 09:55:41] [TimoBot]   closeSupport     -    close the 'Support' channel
[2018-03-04 - 09:55:41] [TimoBot]   exit             -    terminate this process
[2018-03-04 - 09:55:42] [TimoBot] 
Dieser Bot läuft auf den folgenden Gilden: 
IamBetterThanYou(409019652539285504) 
TimoCloud Support(334713789666689044) 

[2018-03-04 - 09:55:43] [TimoBot] 
Dieser Bot läuft auf den folgenden Gilden: 
IamBetterThanYou(409019652539285504) 
TimoCloud Support(334713789666689044) 

[2018-03-04 - 09:55:44] [TimoBot] 
Dieser Bot läuft auf den folgenden Gilden: 
IamBetterThanYou(409019652539285504) 
TimoCloud Support(334713789666689044) 

[2018-03-04 - 09:55:44] [TimoBot] 
Dieser Bot läuft auf den folgenden Gilden: 
IamBetterThanYou(409019652539285504) 
TimoCloud Support(334713789666689044) 

[2018-03-04 - 09:55:45] [TimoBot] 
Dieser Bot läuft auf den folgenden Gilden: 
IamBetterThanYou(409019652539285504) 
TimoCloud Support(334713789666689044) 

[2018-03-04 - 09:56:22] [TimoBot] The bot runs on this guilds: IamBetterThanYou(409019652539285504) TimoCloud Support(334713789666689044) 
[2018-03-04 - 11:59:33] [TimoBot] All available commands:
[2018-03-04 - 11:59:33] [TimoBot]   help             -    shows the help page
[2018-03-04 - 11:59:33] [TimoBot]   version          -    shows the system version
[2018-03-04 - 11:59:33] [TimoBot]   info             -    guilds bot
[2018-03-04 - 11:59:33] [TimoBot]   reload           -    reload all configurations
[2018-03-04 - 11:59:33] [TimoBot]   openSupport      -    open the 'Support' channel
[2018-03-04 - 11:59:33] [TimoBot]   closeSupport     -    close the 'Support' channel
[2018-03-04 - 11:59:33] [TimoBot]   exit             -    terminate this process
[2018-03-04 - 12:04:06] [TimoBot] [38;5;203mWrong usage.[0m
[2018-03-04 - 12:04:06] [TimoBot] All available commands:
[2018-03-04 - 12:04:06] [TimoBot]   help             -    shows the help page
[2018-03-04 - 12:04:06] [TimoBot]   version          -    shows the system version
[2018-03-04 - 12:04:06] [TimoBot]   info             -    guilds bot
[2018-03-04 - 12:04:06] [TimoBot]   reload           -    reload all configurations
[2018-03-04 - 12:04:06] [TimoBot]   openSupport      -    open the 'Support' channel
[2018-03-04 - 12:04:06] [TimoBot]   closeSupport     -    close the 'Support' channel
[2018-03-04 - 12:04:06] [TimoBot]   exit             -    terminate this process
[2018-03-04 - 12:05:19] [TimoBot] [38;5;203mWrong usage.[0m
[2018-03-04 - 12:05:19] [TimoBot] All available commands:
[2018-03-04 - 12:05:19] [TimoBot]   help             -    shows the help page
[2018-03-04 - 12:05:19] [TimoBot]   version          -    shows the system version
[2018-03-04 - 12:05:19] [TimoBot]   info             -    guilds bot
[2018-03-04 - 12:05:19] [TimoBot]   reload           -    reload all configurations
[2018-03-04 - 12:05:19] [TimoBot]   openSupport      -    open the 'Support' channel
[2018-03-04 - 12:05:19] [TimoBot]   closeSupport     -    close the 'Support' channel
[2018-03-04 - 12:05:19] [TimoBot]   exit             -    terminate this process
[2018-03-04 - 12:41:56] [TimoBot] All available commands:
[2018-03-04 - 12:41:56] [TimoBot]   help             -    shows the help page
[2018-03-04 - 12:41:56] [TimoBot]   version          -    shows the system version
[2018-03-04 - 12:41:56] [TimoBot]   info             -    guilds bot
[2018-03-04 - 12:41:56] [TimoBot]   reload           -    reload all configurations
[2018-03-04 - 12:41:56] [TimoBot]   openSupport      -    open the 'Support' channel
[2018-03-04 - 12:41:56] [TimoBot]   closeSupport     -    close the 'Support' channel
[2018-03-04 - 12:41:56] [TimoBot]   exit             -    terminate this process
[2018-03-04 - 12:41:57] [TimoBot] The bot runs on this guilds: IamBetterThanYou(409019652539285504) TimoCloud Support(334713789666689044) 
[2018-03-04 - 12:41:59] [TimoBot] The bot runs on this guilds: IamBetterThanYou(409019652539285504) TimoCloud Support(334713789666689044) 
[2018-03-04 - 13:21:19] [TimoBot] Lasergott hat den Support Channel geöffnet!
[2018-03-04 - 13:22:08] [TimoBot] FREDDY is new on the Discord Server!
[2018-03-04 - 13:23:36] [TimoBot] Lasergott hat den Support Channel geöffnet!
[2018-03-04 - 13:41:09] [TimoBot] Lasergott is new on the Discord Server! (IamBetterThanYou)
[2018-03-04 - 13:44:52] [TimoBot] Lasergott is new on the Discord Server! (IamBetterThanYou)
[2018-03-04 - 13:59:36] [TimoBot] All available commands:
[2018-03-04 - 13:59:36] [TimoBot]   help             -    shows the help page
[2018-03-04 - 13:59:36] [TimoBot]   version          -    shows the system version
[2018-03-04 - 13:59:36] [TimoBot]   info             -    guilds bot
[2018-03-04 - 13:59:36] [TimoBot]   reload           -    reload all configurations
[2018-03-04 - 13:59:36] [TimoBot]   openSupport      -    open the 'Support' channel
[2018-03-04 - 13:59:36] [TimoBot]   closeSupport     -    close the 'Support' channel
[2018-03-04 - 13:59:36] [TimoBot]   exit             -    terminate this process
[2018-03-04 - 13:59:36] [TimoBot] All available commands:
[2018-03-04 - 13:59:36] [TimoBot]   help             -    shows the help page
[2018-03-04 - 13:59:36] [TimoBot]   version          -    shows the system version
[2018-03-04 - 13:59:36] [TimoBot]   info             -    guilds bot
[2018-03-04 - 13:59:36] [TimoBot]   reload           -    reload all configurations
[2018-03-04 - 13:59:36] [TimoBot]   openSupport      -    open the 'Support' channel
[2018-03-04 - 13:59:36] [TimoBot]   closeSupport     -    close the 'Support' channel
[2018-03-04 - 13:59:36] [TimoBot]   exit             -    terminate this process
[2018-03-04 - 13:59:37] [TimoBot] All available commands:
[2018-03-04 - 13:59:37] [TimoBot]   help             -    shows the help page
[2018-03-04 - 13:59:37] [TimoBot]   version          -    shows the system version
[2018-03-04 - 13:59:37] [TimoBot]   info             -    guilds bot
[2018-03-04 - 13:59:37] [TimoBot]   reload           -    reload all configurations
[2018-03-04 - 13:59:37] [TimoBot]   openSupport      -    open the 'Support' channel
[2018-03-04 - 13:59:37] [TimoBot]   closeSupport     -    close the 'Support' channel
[2018-03-04 - 13:59:37] [TimoBot]   exit             -    terminate this process
[2018-03-04 - 13:59:37] [TimoBot] All available commands:
[2018-03-04 - 13:59:37] [TimoBot]   help             -    shows the help page
[2018-03-04 - 13:59:37] [TimoBot]   version          -    shows the system version
[2018-03-04 - 13:59:37] [TimoBot]   info             -    guilds bot
[2018-03-04 - 13:59:37] [TimoBot]   reload           -    reload all configurations
[2018-03-04 - 13:59:37] [TimoBot]   openSupport      -    open the 'Support' channel
[2018-03-04 - 13:59:37] [TimoBot]   closeSupport     -    close the 'Support' channel
[2018-03-04 - 13:59:37] [TimoBot]   exit             -    terminate this process
[2018-03-04 - 13:59:38] [TimoBot] All available commands:
[2018-03-04 - 13:59:38] [TimoBot]   help             -    shows the help page
[2018-03-04 - 13:59:38] [TimoBot]   version          -    shows the system version
[2018-03-04 - 13:59:38] [TimoBot]   info             -    guilds bot
[2018-03-04 - 13:59:38] [TimoBot]   reload           -    reload all configurations
[2018-03-04 - 13:59:38] [TimoBot]   openSupport      -    open the 'Support' channel
[2018-03-04 - 13:59:38] [TimoBot]   closeSupport     -    close the 'Support' channel
[2018-03-04 - 13:59:38] [TimoBot]   exit             -    terminate this process
[2018-03-04 - 13:59:38] [TimoBot] All available commands:
[2018-03-04 - 13:59:38] [TimoBot]   help             -    shows the help page
[2018-03-04 - 13:59:38] [TimoBot]   version          -    shows the system version
[2018-03-04 - 13:59:38] [TimoBot]   info             -    guilds bot
[2018-03-04 - 13:59:38] [TimoBot]   reload           -    reload all configurations
[2018-03-04 - 13:59:38] [TimoBot]   openSupport      -    open the 'Support' channel
[2018-03-04 - 13:59:38] [TimoBot]   closeSupport     -    close the 'Support' channel
[2018-03-04 - 13:59:38] [TimoBot]   exit             -    terminate this process
[2018-03-04 - 13:59:39] [TimoBot] [38;5;63mVersion: [38;5;34m1.0-SNAPSHOT[0m
[2018-03-04 - 14:07:18] [TimoBot] U:Lasergott(185638176264683520) hat den Support Channel geöffnet!
[2018-03-04 - 14:07:55] [TimoBot] Please add an valid message 'exit-' in the config.yml
[2018-03-04 - 14:08:43] [TimoBot] [38;5;203mUnknown command: g[0m
[2018-03-04 - 14:08:43] [TimoBot] All available commands:
[2018-03-04 - 14:08:43] [TimoBot]   help             -    shows the help page
[2018-03-04 - 14:08:43] [TimoBot]   version          -    shows the system version
[2018-03-04 - 14:08:43] [TimoBot]   info             -    guilds bot
[2018-03-04 - 14:08:43] [TimoBot]   reload           -    reload all configurations
[2018-03-04 - 14:08:43] [TimoBot]   openSupport      -    open the 'Support' channel
[2018-03-04 - 14:08:43] [TimoBot]   closeSupport     -    close the 'Support' channel
[2018-03-04 - 14:08:43] [TimoBot]   exit             -    terminate this process
[2018-03-04 - 14:08:53] [TimoBot] Please add an valid message 'exit-' in the config.yml
[2018-03-04 - 14:09:26] [TimoBot] Please add an valid message 'exit-' in the config.yml
[2018-03-04 - 14:38:08] [TimoBot] Lasergott hat den Support Channel geöffnet!
[2018-03-04 - 14:38:11] [TimoBot] U:Lasergott(185638176264683520) hat den Support Channel geöffnet!
[2018-03-04 - 14:39:03] [TimoBot] Lasergott hat den Support Channel geöffnet!
[2018-03-04 - 14:41:39] [TimoBot] Please add an valid message 'Support-enable' in the config.yml
[2018-03-04 - 14:42:28] [TimoBot] Lasergott hat den Support Channel geöffnet!
[2018-03-04 - 14:42:32] [TimoBot] U:Lasergott(185638176264683520) hat den Support Channel geöffnet!
[2018-03-04 - 15:06:13] [TimoBot] Please add an valid message 'Support-notEnable' in the config.yml
[2018-03-04 - 19:07:41] [MoonBot] Lasergott has open the support channel!
[2018-03-04 - 19:08:08] [MoonBot] U:Lasergott(185638176264683520) has close the support channel!
[2018-03-04 - 19:08:22] [MoonBot] U:Lasergott(185638176264683520) has close the support channel!
[2018-03-04 - 19:09:10] [MoonBot] Lasergott has open the support channel!
[2018-03-04 - 19:09:14] [MoonBot] U:Lasergott(185638176264683520) has close the support channel!
[2018-03-04 - 19:09:19] [MoonBot] Lasergott has open the support channel!
[2018-03-04 - 19:09:24] [MoonBot] U:Lasergott(185638176264683520) has close the support channel!
[2018-03-04 - 19:09:27] [MoonBot] Lasergott has open the support channel!
[2018-03-04 - 19:09:46] [MoonBot] [38;5;34mSuccessfully reloaded from configuration![0m
[2018-03-04 - 19:20:26] [MoonBot] All available commands:
[2018-03-04 - 19:20:26] [MoonBot]   help             -    shows the help page
[2018-03-04 - 19:20:26] [MoonBot]   version          -    shows the system version
[2018-03-04 - 19:20:26] [MoonBot]   info             -    guilds bot
[2018-03-04 - 19:20:26] [MoonBot]   reload           -    reload all configurations
[2018-03-04 - 19:20:26] [MoonBot]   openSupport      -    open the 'Support' channel
[2018-03-04 - 19:20:26] [MoonBot]   closeSupport     -    close the 'Support' channel
[2018-03-04 - 19:20:26] [MoonBot]   exit             -    terminate this process
[2018-03-04 - 19:22:06] [MoonBot] All available commands:
[2018-03-04 - 19:22:06] [MoonBot]   help             -    shows the help page
[2018-03-04 - 19:22:06] [MoonBot]   version          -    shows the system version
[2018-03-04 - 19:22:06] [MoonBot]   info             -    guilds bot
[2018-03-04 - 19:22:06] [MoonBot]   reload           -    reload all configurations
[2018-03-04 - 19:22:06] [MoonBot]   openSupport      -    open the 'Support' channel
[2018-03-04 - 19:22:06] [MoonBot]   closeSupport     -    close the 'Support' channel
[2018-03-04 - 19:22:06] [MoonBot]   exit             -    terminate this process
[2018-03-04 - 19:23:07] [MoonBot] test
[2018-03-04 - 19:23:07] [MoonBot] test
[2018-03-04 - 19:23:07] [MoonBot] test
[2018-03-04 - 19:23:07] [MoonBot] test
[2018-03-04 - 19:23:07] [MoonBot] test
[2018-03-04 - 19:23:07] [MoonBot] test
[2018-03-04 - 19:23:07] [MoonBot] test
[2018-03-04 - 19:23:07] [MoonBot] test
[2018-03-04 - 19:23:07] [MoonBot] test
[2018-03-04 - 19:23:07] [MoonBot] test
[2018-03-04 - 19:23:07] [MoonBot] test
[2018-03-04 - 19:23:07] [MoonBot] test
[2018-03-04 - 19:23:07] [MoonBot] test
[2018-03-04 - 19:23:07] [MoonBot] test
[2018-03-04 - 19:23:07] [MoonBot] test
[2018-03-04 - 19:23:07] [MoonBot] test
[2018-03-04 - 19:23:07] [MoonBot] test
[2018-03-04 - 19:23:07] [MoonBot] test
[2018-03-04 - 19:23:07] [MoonBot] test
[2018-03-04 - 19:23:07] [MoonBot] test
[2018-03-04 - 19:23:07] [MoonBot] test
[2018-03-04 - 19:23:07] [MoonBot] test
[2018-03-04 - 19:23:07] [MoonBot] test
[2018-03-04 - 19:23:07] [MoonBot] test
[2018-03-04 - 19:23:07] [MoonBot] test
[2018-03-04 - 19:23:07] [MoonBot] test
[2018-03-04 - 19:23:07] [MoonBot] test
[2018-03-04 - 19:23:07] [MoonBot] test
[2018-03-04 - 19:23:07] [MoonBot] test
[2018-03-04 - 19:23:07] [MoonBot] test
[2018-03-04 - 19:23:07] [MoonBot] test
[2018-03-04 - 19:23:07] [MoonBot] test
[2018-03-04 - 19:23:07] [MoonBot] test
[2018-03-04 - 19:23:07] [MoonBot] test
[2018-03-04 - 19:23:07] [MoonBot] test
[2018-03-04 - 19:23:07] [MoonBot] test
[2018-03-04 - 19:23:07] [MoonBot] test
[2018-03-04 - 19:23:07] [MoonBot] test
[2018-03-04 - 19:23:07] [MoonBot] test
[2018-03-04 - 19:23:07] [MoonBot] test
[2018-03-04 - 19:23:07] [MoonBot] test
[2018-03-04 - 19:23:07] [MoonBot] test
[2018-03-04 - 19:23:07] [MoonBot] test
[2018-03-04 - 19:23:07] [MoonBot] test
[2018-03-04 - 19:23:07] [MoonBot] test
[2018-03-04 - 19:23:07] [MoonBot] test
[2018-03-04 - 19:23:07] [MoonBot] test
[2018-03-04 - 19:23:07] [MoonBot] test
[2018-03-04 - 19:23:07] [MoonBot] test
[2018-03-04 - 19:23:07] [MoonBot] test
[2018-03-04 - 19:23:07] [MoonBot] test
[2018-03-04 - 19:23:07] [MoonBot] test
[2018-03-04 - 19:23:07] [MoonBot] test
[2018-03-04 - 19:23:07] [MoonBot] test
[2018-03-04 - 19:23:07] [MoonBot] test
[2018-03-04 - 19:23:07] [MoonBot] test
[2018-03-04 - 19:23:07] [MoonBot] test
[2018-03-04 - 19:23:07] [MoonBot] test
[2018-03-04 - 19:23:07] [MoonBot] test
[2018-03-04 - 19:23:07] [MoonBot] test
[2018-03-04 - 19:23:07] [MoonBot] test
[2018-03-04 - 19:23:07] [MoonBot] test
[2018-03-04 - 19:23:07] [MoonBot] test
[2018-03-04 - 19:23:07] [MoonBot] test
[2018-03-04 - 19:23:07] [MoonBot] test
[2018-03-04 - 19:23:07] [MoonBot] test
[2018-03-04 - 19:23:07] [MoonBot] test
[2018-03-04 - 19:23:07] [MoonBot] test
[2018-03-04 - 19:23:07] [MoonBot] test
[2018-03-04 - 19:23:07] [MoonBot] test
[2018-03-04 - 19:23:07] [MoonBot] test
[2018-03-04 - 19:23:07] [MoonBot] test
[2018-03-04 - 19:23:07] [MoonBot] test
[2018-03-04 - 19:23:07] [MoonBot] test
[2018-03-04 - 19:23:07] [MoonBot] test
[2018-03-04 - 19:23:07] [MoonBot] test
[2018-03-04 - 19:23:07] [MoonBot] test
[2018-03-04 - 19:23:07] [MoonBot] test
[2018-03-04 - 19:23:07] [MoonBot] test
[2018-03-04 - 19:23:07] [MoonBot] test
[2018-03-04 - 19:23:07] [MoonBot] test
[2018-03-04 - 19:23:07] [MoonBot] test
[2018-03-04 - 19:23:07] [MoonBot] test
[2018-03-04 - 19:23:07] [MoonBot] test
[2018-03-04 - 19:23:07] [MoonBot] test
[2018-03-04 - 19:23:07] [MoonBot] test
[2018-03-04 - 19:23:07] [MoonBot] test
[2018-03-04 - 19:23:07] [MoonBot] test
[2018-03-04 - 19:23:07] [MoonBot] test
[2018-03-04 - 19:23:07] [MoonBot] test
[2018-03-04 - 19:23:07] [MoonBot] test
[2018-03-04 - 19:23:07] [MoonBot] test
[2018-03-04 - 19:23:07] [MoonBot] test
[2018-03-04 - 19:23:07] [MoonBot] test
[2018-03-04 - 19:23:07] [MoonBot] test
[2018-03-04 - 19:23:07] [MoonBot] test
[2018-03-04 - 19:23:07] [MoonBot] test
[2018-03-04 - 19:23:07] [MoonBot] test
[2018-03-04 - 19:23:07] [MoonBot] test
[2018-03-04 - 19:23:07] [MoonBot] test
[2018-03-04 - 19:23:07] [MoonBot] test
[2018-03-04 - 19:23:07] [MoonBot] test
[2018-03-04 - 19:23:07] [MoonBot] test
[2018-03-04 - 19:23:07] [MoonBot] test
[2018-03-04 - 19:23:07] [MoonBot] test
[2018-03-04 - 19:23:07] [MoonBot] test
[2018-03-04 - 19:23:07] [MoonBot] test
[2018-03-04 - 19:23:07] [MoonBot] test
[2018-03-04 - 19:23:07] [MoonBot] test
[2018-03-04 - 19:23:07] [MoonBot] test
[2018-03-04 - 19:23:07] [MoonBot] test
[2018-03-04 - 19:23:07] [MoonBot] test
[2018-03-04 - 19:23:07] [MoonBot] test
[2018-03-04 - 19:23:07] [MoonBot] test
[2018-03-04 - 19:23:07] [MoonBot] test
[2018-03-04 - 19:23:07] [MoonBot] test
[2018-03-04 - 19:23:07] [MoonBot] test
[2018-03-04 - 19:23:07] [MoonBot] test
[2018-03-04 - 19:23:07] [MoonBot] test
[2018-03-04 - 19:23:07] [MoonBot] test
[2018-03-04 - 19:23:07] [MoonBot] test
[2018-03-04 - 19:23:07] [MoonBot] test
[2018-03-04 - 19:23:07] [MoonBot] test
[2018-03-04 - 19:23:07] [MoonBot] test
[2018-03-04 - 19:23:07] [MoonBot] test
[2018-03-04 - 19:23:07] [MoonBot] test
[2018-03-04 - 19:23:07] [MoonBot] test
[2018-03-04 - 19:23:07] [MoonBot] test
[2018-03-04 - 19:23:07] [MoonBot] test
[2018-03-04 - 19:23:07] [MoonBot] test
[2018-03-04 - 19:23:07] [MoonBot] test
[2018-03-04 - 19:23:07] [MoonBot] test
[2018-03-04 - 19:23:07] [MoonBot] test
[2018-03-04 - 19:23:07] [MoonBot] test
[2018-03-04 - 19:23:07] [MoonBot] test
[2018-03-04 - 19:23:07] [MoonBot] test
[2018-03-04 - 19:23:07] [MoonBot] test
[2018-03-04 - 19:23:07] [MoonBot] test
[2018-03-04 - 19:23:07] [MoonBot] test
[2018-03-04 - 19:23:07] [MoonBot] test
[2018-03-04 - 19:23:07] [MoonBot] test
[2018-03-04 - 19:23:07] [MoonBot] test
[2018-03-04 - 19:23:07] [MoonBot] test
[2018-03-04 - 19:23:07] [MoonBot] test
[2018-03-04 - 19:23:07] [MoonBot] test
[2018-03-04 - 19:23:07] [MoonBot] test
[2018-03-04 - 19:23:07] [MoonBot] test
[2018-03-04 - 19:23:07] [MoonBot] test
[2018-03-04 - 19:23:07] [MoonBot] test
[2018-03-04 - 19:23:07] [MoonBot] test
[2018-03-04 - 19:23:07] [MoonBot] test
[2018-03-04 - 19:23:07] [MoonBot] test
[2018-03-04 - 19:23:07] [MoonBot] test
[2018-03-04 - 19:23:07] [MoonBot] test
[2018-03-04 - 19:23:07] [MoonBot] test
[2018-03-04 - 19:23:07] [MoonBot] test
[2018-03-04 - 19:23:07] [MoonBot] test
[2018-03-04 - 19:23:07] [MoonBot] test
[2018-03-04 - 19:23:07] [MoonBot] test
[2018-03-04 - 19:23:07] [MoonBot] test
[2018-03-04 - 19:23:07] [MoonBot] test
[2018-03-04 - 19:23:07] [MoonBot] test
[2018-03-04 - 19:23:07] [MoonBot] test
[2018-03-04 - 19:23:07] [MoonBot] test
[2018-03-04 - 19:23:07] [MoonBot] test
[2018-03-04 - 19:23:07] [MoonBot] test
[2018-03-04 - 19:23:07] [MoonBot] test
[2018-03-04 - 19:23:07] [MoonBot] test
[2018-03-04 - 19:23:07] [MoonBot] test
[2018-03-04 - 19:23:07] [MoonBot] test
[2018-03-04 - 19:23:07] [MoonBot] test
[2018-03-04 - 19:23:07] [MoonBot] test
[2018-03-04 - 19:23:07] [MoonBot] test
[2018-03-04 - 19:23:07] [MoonBot] test
[2018-03-04 - 19:23:07] [MoonBot] test
[2018-03-04 - 19:23:07] [MoonBot] test
[2018-03-04 - 19:23:07] [MoonBot] test
[2018-03-04 - 19:23:07] [MoonBot] test
[2018-03-04 - 19:23:07] [MoonBot] test
[2018-03-04 - 19:23:07] [MoonBot] test
[2018-03-04 - 19:23:07] [MoonBot] test
[2018-03-04 - 19:23:07] [MoonBot] test
[2018-03-04 - 19:23:07] [MoonBot] test
[2018-03-04 - 19:23:07] [MoonBot] test
[2018-03-04 - 19:23:07] [MoonBot] test
[2018-03-04 - 19:23:07] [MoonBot] test
[2018-03-04 - 19:23:07] [MoonBot] test
[2018-03-04 - 19:23:07] [MoonBot] test
[2018-03-04 - 19:23:07] [MoonBot] test
[2018-03-04 - 19:23:07] [MoonBot] test
[2018-03-04 - 19:23:07] [MoonBot] test
[2018-03-04 - 19:23:07] [MoonBot] test
[2018-03-04 - 19:23:07] [MoonBot] test
[2018-03-04 - 19:23:07] [MoonBot] test
[2018-03-04 - 19:23:07] [MoonBot] test
[2018-03-04 - 19:23:07] [MoonBot] test
[2018-03-04 - 19:23:07] [MoonBot] test
[2018-03-04 - 19:23:07] [MoonBot] test
[2018-03-04 - 19:23:07] [MoonBot] test
[2018-03-04 - 19:23:07] [MoonBot] test
[2018-03-04 - 19:23:44] [MoonBot] test U:Adrian(212317517748764672)
[2018-03-04 - 19:23:44] [MoonBot] test U:Adrian(212317517748764672)
[2018-03-04 - 19:23:44] [MoonBot] test U:Adrian(212317517748764672)
[2018-03-04 - 19:23:44] [MoonBot] test U:Adrian(212317517748764672)
[2018-03-04 - 19:23:44] [MoonBot] test U:Adrian(212317517748764672)
[2018-03-04 - 19:23:44] [MoonBot] test U:Adrian(212317517748764672)
[2018-03-04 - 19:23:44] [MoonBot] test U:Adrian(212317517748764672)
[2018-03-04 - 19:23:44] [MoonBot] test U:Adrian(212317517748764672)
[2018-03-04 - 19:23:44] [MoonBot] test U:Adrian(212317517748764672)
[2018-03-04 - 19:23:44] [MoonBot] test U:Adrian(212317517748764672)
[2018-03-04 - 19:23:44] [MoonBot] test U:Adrian(212317517748764672)
[2018-03-04 - 19:23:44] [MoonBot] test U:Adrian(212317517748764672)
[2018-03-04 - 19:23:44] [MoonBot] test U:Adrian(212317517748764672)
[2018-03-04 - 19:23:44] [MoonBot] test U:Adrian(212317517748764672)
[2018-03-04 - 19:23:44] [MoonBot] test U:Adrian(212317517748764672)
[2018-03-04 - 19:23:44] [MoonBot] test U:Adrian(212317517748764672)
[2018-03-04 - 19:23:44] [MoonBot] test U:Adrian(212317517748764672)
[2018-03-04 - 19:23:44] [MoonBot] test U:Adrian(212317517748764672)
[2018-03-04 - 19:23:44] [MoonBot] test U:Adrian(212317517748764672)
[2018-03-04 - 19:23:44] [MoonBot] test U:Adrian(212317517748764672)
[2018-03-04 - 19:23:44] [MoonBot] test U:Adrian(212317517748764672)
[2018-03-04 - 19:23:44] [MoonBot] test U:Adrian(212317517748764672)
[2018-03-04 - 19:23:44] [MoonBot] test U:Adrian(212317517748764672)
[2018-03-04 - 19:23:44] [MoonBot] test U:Adrian(212317517748764672)
[2018-03-04 - 19:23:44] [MoonBot] test U:Adrian(212317517748764672)
[2018-03-04 - 19:23:44] [MoonBot] test U:Adrian(212317517748764672)
[2018-03-04 - 19:23:44] [MoonBot] test U:Adrian(212317517748764672)
[2018-03-04 - 19:23:44] [MoonBot] test U:Adrian(212317517748764672)
[2018-03-04 - 19:23:44] [MoonBot] test U:Adrian(212317517748764672)
[2018-03-04 - 19:23:44] [MoonBot] test U:Adrian(212317517748764672)
[2018-03-04 - 19:23:44] [MoonBot] test U:Adrian(212317517748764672)
[2018-03-04 - 19:23:44] [MoonBot] test U:Adrian(212317517748764672)
[2018-03-04 - 19:23:44] [MoonBot] test U:Adrian(212317517748764672)
[2018-03-04 - 19:23:44] [MoonBot] test U:Adrian(212317517748764672)
[2018-03-04 - 19:23:44] [MoonBot] test U:Adrian(212317517748764672)
[2018-03-04 - 19:23:44] [MoonBot] test U:Adrian(212317517748764672)
[2018-03-04 - 19:23:44] [MoonBot] test U:Adrian(212317517748764672)
[2018-03-04 - 19:23:44] [MoonBot] test U:Adrian(212317517748764672)
[2018-03-04 - 19:23:44] [MoonBot] test U:Adrian(212317517748764672)
[2018-03-04 - 19:23:44] [MoonBot] test U:Adrian(212317517748764672)
[2018-03-04 - 19:23:44] [MoonBot] test U:Adrian(212317517748764672)
[2018-03-04 - 19:23:44] [MoonBot] test U:Adrian(212317517748764672)
[2018-03-04 - 19:23:44] [MoonBot] test U:Adrian(212317517748764672)
[2018-03-04 - 19:23:44] [MoonBot] test U:Adrian(212317517748764672)
[2018-03-04 - 19:23:44] [MoonBot] test U:Adrian(212317517748764672)
[2018-03-04 - 19:23:44] [MoonBot] test U:Adrian(212317517748764672)
[2018-03-04 - 19:23:44] [MoonBot] test U:Adrian(212317517748764672)
[2018-03-04 - 19:23:44] [MoonBot] test U:Adrian(212317517748764672)
[2018-03-04 - 19:23:44] [MoonBot] test U:Adrian(212317517748764672)
[2018-03-04 - 19:23:44] [MoonBot] test U:Adrian(212317517748764672)
[2018-03-04 - 19:23:44] [MoonBot] test U:Adrian(212317517748764672)
[2018-03-04 - 19:23:44] [MoonBot] test U:Adrian(212317517748764672)
[2018-03-04 - 19:23:44] [MoonBot] test U:Adrian(212317517748764672)
[2018-03-04 - 19:23:44] [MoonBot] test U:Adrian(212317517748764672)
[2018-03-04 - 19:23:44] [MoonBot] test U:Adrian(212317517748764672)
[2018-03-04 - 19:23:44] [MoonBot] test U:Adrian(212317517748764672)
[2018-03-04 - 19:23:44] [MoonBot] test U:Adrian(212317517748764672)
[2018-03-04 - 19:23:44] [MoonBot] test U:Adrian(212317517748764672)
[2018-03-04 - 19:23:44] [MoonBot] test U:Adrian(212317517748764672)
[2018-03-04 - 19:23:44] [MoonBot] test U:Adrian(212317517748764672)
[2018-03-04 - 19:23:44] [MoonBot] test U:Adrian(212317517748764672)
[2018-03-04 - 19:23:44] [MoonBot] test U:Adrian(212317517748764672)
[2018-03-04 - 19:23:44] [MoonBot] test U:Adrian(212317517748764672)
[2018-03-04 - 19:23:44] [MoonBot] test U:Adrian(212317517748764672)
[2018-03-04 - 19:23:44] [MoonBot] test U:Adrian(212317517748764672)
[2018-03-04 - 19:23:44] [MoonBot] test U:Adrian(212317517748764672)
[2018-03-04 - 19:23:44] [MoonBot] test U:Adrian(212317517748764672)
[2018-03-04 - 19:23:44] [MoonBot] test U:Adrian(212317517748764672)
[2018-03-04 - 19:23:44] [MoonBot] test U:Adrian(212317517748764672)
[2018-03-04 - 19:23:44] [MoonBot] test U:Adrian(212317517748764672)
[2018-03-04 - 19:23:44] [MoonBot] test U:Adrian(212317517748764672)
[2018-03-04 - 19:23:44] [MoonBot] test U:Adrian(212317517748764672)
[2018-03-04 - 19:23:44] [MoonBot] test U:Adrian(212317517748764672)
[2018-03-04 - 19:23:44] [MoonBot] test U:Adrian(212317517748764672)
[2018-03-04 - 19:23:44] [MoonBot] test U:Adrian(212317517748764672)
[2018-03-04 - 19:23:44] [MoonBot] test U:Adrian(212317517748764672)
[2018-03-04 - 19:23:44] [MoonBot] test U:Adrian(212317517748764672)
[2018-03-04 - 19:23:44] [MoonBot] test U:Adrian(212317517748764672)
[2018-03-04 - 19:23:44] [MoonBot] test U:Adrian(212317517748764672)
[2018-03-04 - 19:23:44] [MoonBot] test U:Adrian(212317517748764672)
[2018-03-04 - 19:23:44] [MoonBot] test U:Adrian(212317517748764672)
[2018-03-04 - 19:23:44] [MoonBot] test U:Adrian(212317517748764672)
[2018-03-04 - 19:23:44] [MoonBot] test U:Adrian(212317517748764672)
[2018-03-04 - 19:23:44] [MoonBot] test U:Adrian(212317517748764672)
[2018-03-04 - 19:23:44] [MoonBot] test U:Adrian(212317517748764672)
[2018-03-04 - 19:23:44] [MoonBot] test U:Adrian(212317517748764672)
[2018-03-04 - 19:23:44] [MoonBot] test U:Adrian(212317517748764672)
[2018-03-04 - 19:23:44] [MoonBot] test U:Adrian(212317517748764672)
[2018-03-04 - 19:23:44] [MoonBot] test U:Adrian(212317517748764672)
[2018-03-04 - 19:23:44] [MoonBot] test U:Adrian(212317517748764672)
[2018-03-04 - 19:23:44] [MoonBot] test U:Adrian(212317517748764672)
[2018-03-04 - 19:23:44] [MoonBot] test U:Adrian(212317517748764672)
[2018-03-04 - 19:23:44] [MoonBot] test U:Adrian(212317517748764672)
[2018-03-04 - 19:23:44] [MoonBot] test U:Adrian(212317517748764672)
[2018-03-04 - 19:23:44] [MoonBot] test U:Adrian(212317517748764672)
[2018-03-04 - 19:23:44] [MoonBot] test U:Adrian(212317517748764672)
[2018-03-04 - 19:23:44] [MoonBot] test U:Adrian(212317517748764672)
[2018-03-04 - 19:23:44] [MoonBot] test U:Adrian(212317517748764672)
[2018-03-04 - 19:23:44] [MoonBot] test U:Adrian(212317517748764672)
[2018-03-04 - 19:23:44] [MoonBot] test U:Adrian(212317517748764672)
[2018-03-04 - 19:23:44] [MoonBot] test U:Adrian(212317517748764672)
[2018-03-04 - 19:23:44] [MoonBot] test U:Adrian(212317517748764672)
[2018-03-04 - 19:23:44] [MoonBot] test U:Adrian(212317517748764672)
[2018-03-04 - 19:23:44] [MoonBot] test U:Adrian(212317517748764672)
[2018-03-04 - 19:23:44] [MoonBot] test U:Adrian(212317517748764672)
[2018-03-04 - 19:23:44] [MoonBot] test U:Adrian(212317517748764672)
[2018-03-04 - 19:23:44] [MoonBot] test U:Adrian(212317517748764672)
[2018-03-04 - 19:23:44] [MoonBot] test U:Adrian(212317517748764672)
[2018-03-04 - 19:23:44] [MoonBot] test U:Adrian(212317517748764672)
[2018-03-04 - 19:23:44] [MoonBot] test U:Adrian(212317517748764672)
[2018-03-04 - 19:23:44] [MoonBot] test U:Adrian(212317517748764672)
[2018-03-04 - 19:23:44] [MoonBot] test U:Adrian(212317517748764672)
[2018-03-04 - 19:23:44] [MoonBot] test U:Adrian(212317517748764672)
[2018-03-04 - 19:23:44] [MoonBot] test U:Adrian(212317517748764672)
[2018-03-04 - 19:23:44] [MoonBot] test U:Adrian(212317517748764672)
[2018-03-04 - 19:23:44] [MoonBot] test U:Adrian(212317517748764672)
[2018-03-04 - 19:23:44] [MoonBot] test U:Adrian(212317517748764672)
[2018-03-04 - 19:23:44] [MoonBot] test U:Adrian(212317517748764672)
[2018-03-04 - 19:23:44] [MoonBot] test U:Adrian(212317517748764672)
[2018-03-04 - 19:23:44] [MoonBot] test U:Adrian(212317517748764672)
[2018-03-04 - 19:23:44] [MoonBot] test U:Adrian(212317517748764672)
[2018-03-04 - 19:23:44] [MoonBot] test U:Adrian(212317517748764672)
[2018-03-04 - 19:23:44] [MoonBot] test U:Adrian(212317517748764672)
[2018-03-04 - 19:23:44] [MoonBot] test U:Adrian(212317517748764672)
[2018-03-04 - 19:23:44] [MoonBot] test U:Adrian(212317517748764672)
[2018-03-04 - 19:23:44] [MoonBot] test U:Adrian(212317517748764672)
[2018-03-04 - 19:23:44] [MoonBot] test U:Adrian(212317517748764672)
[2018-03-04 - 19:23:44] [MoonBot] test U:Adrian(212317517748764672)
[2018-03-04 - 19:23:44] [MoonBot] test U:Adrian(212317517748764672)
[2018-03-04 - 19:23:44] [MoonBot] test U:Adrian(212317517748764672)
[2018-03-04 - 19:23:44] [MoonBot] test U:Adrian(212317517748764672)
[2018-03-04 - 19:23:44] [MoonBot] test U:Adrian(212317517748764672)
[2018-03-04 - 19:23:44] [MoonBot] test U:Adrian(212317517748764672)
[2018-03-04 - 19:23:44] [MoonBot] test U:Adrian(212317517748764672)
[2018-03-04 - 19:23:44] [MoonBot] test U:Adrian(212317517748764672)
[2018-03-04 - 19:23:44] [MoonBot] test U:Adrian(212317517748764672)
[2018-03-04 - 19:23:44] [MoonBot] test U:Adrian(212317517748764672)
[2018-03-04 - 19:23:44] [MoonBot] test U:Adrian(212317517748764672)
[2018-03-04 - 19:23:44] [MoonBot] test U:Adrian(212317517748764672)
[2018-03-04 - 19:23:44] [MoonBot] test U:Adrian(212317517748764672)
[2018-03-04 - 19:23:44] [MoonBot] test U:Adrian(212317517748764672)
[2018-03-04 - 19:23:44] [MoonBot] test U:Adrian(212317517748764672)
[2018-03-04 - 19:23:44] [MoonBot] test U:Adrian(212317517748764672)
[2018-03-04 - 19:23:44] [MoonBot] test U:Adrian(212317517748764672)
[2018-03-04 - 19:23:44] [MoonBot] test U:Adrian(212317517748764672)
[2018-03-04 - 19:23:44] [MoonBot] test U:Adrian(212317517748764672)
[2018-03-04 - 19:23:44] [MoonBot] test U:Adrian(212317517748764672)
[2018-03-04 - 19:23:44] [MoonBot] test U:Adrian(212317517748764672)
[2018-03-04 - 19:23:44] [MoonBot] test U:Adrian(212317517748764672)
[2018-03-04 - 19:23:44] [MoonBot] test U:Adrian(212317517748764672)
[2018-03-04 - 19:23:44] [MoonBot] test U:Adrian(212317517748764672)
[2018-03-04 - 19:23:44] [MoonBot] test U:Adrian(212317517748764672)
[2018-03-04 - 19:23:44] [MoonBot] test U:Adrian(212317517748764672)
[2018-03-04 - 19:23:44] [MoonBot] test U:Adrian(212317517748764672)
[2018-03-04 - 19:23:44] [MoonBot] test U:Adrian(212317517748764672)
[2018-03-04 - 19:23:44] [MoonBot] test U:Adrian(212317517748764672)
[2018-03-04 - 19:23:44] [MoonBot] test U:Adrian(212317517748764672)
[2018-03-04 - 19:23:44] [MoonBot] test U:Adrian(212317517748764672)
[2018-03-04 - 19:23:44] [MoonBot] test U:Adrian(212317517748764672)
[2018-03-04 - 19:23:44] [MoonBot] test U:Adrian(212317517748764672)
[2018-03-04 - 19:23:44] [MoonBot] test U:Adrian(212317517748764672)
[2018-03-04 - 19:23:44] [MoonBot] test U:Adrian(212317517748764672)
[2018-03-04 - 19:23:44] [MoonBot] test U:Adrian(212317517748764672)
[2018-03-04 - 19:23:44] [MoonBot] test U:Adrian(212317517748764672)
[2018-03-04 - 19:23:44] [MoonBot] test U:Adrian(212317517748764672)
[2018-03-04 - 19:23:44] [MoonBot] test U:Adrian(212317517748764672)
[2018-03-04 - 19:23:44] [MoonBot] test U:Adrian(212317517748764672)
[2018-03-04 - 19:23:44] [MoonBot] test U:Adrian(212317517748764672)
[2018-03-04 - 19:23:44] [MoonBot] test U:Adrian(212317517748764672)
[2018-03-04 - 19:23:44] [MoonBot] test U:Adrian(212317517748764672)
[2018-03-04 - 19:23:44] [MoonBot] test U:Adrian(212317517748764672)
[2018-03-04 - 19:23:44] [MoonBot] test U:Adrian(212317517748764672)
[2018-03-04 - 19:23:44] [MoonBot] test U:Adrian(212317517748764672)
[2018-03-04 - 19:23:44] [MoonBot] test U:Adrian(212317517748764672)
[2018-03-04 - 19:23:44] [MoonBot] test U:Adrian(212317517748764672)
[2018-03-04 - 19:23:44] [MoonBot] test U:Adrian(212317517748764672)
[2018-03-04 - 19:23:44] [MoonBot] test U:Adrian(212317517748764672)
[2018-03-04 - 19:23:44] [MoonBot] test U:Adrian(212317517748764672)
[2018-03-04 - 19:23:44] [MoonBot] test U:Adrian(212317517748764672)
[2018-03-04 - 19:23:44] [MoonBot] test U:Adrian(212317517748764672)
[2018-03-04 - 19:23:44] [MoonBot] test U:Adrian(212317517748764672)
[2018-03-04 - 19:23:44] [MoonBot] test U:Adrian(212317517748764672)
[2018-03-04 - 19:23:44] [MoonBot] test U:Adrian(212317517748764672)
[2018-03-04 - 19:23:44] [MoonBot] test U:Adrian(212317517748764672)
[2018-03-04 - 19:23:44] [MoonBot] test U:Adrian(212317517748764672)
[2018-03-04 - 19:23:44] [MoonBot] test U:Adrian(212317517748764672)
[2018-03-04 - 19:23:44] [MoonBot] test U:Adrian(212317517748764672)
[2018-03-04 - 19:23:44] [MoonBot] test U:Adrian(212317517748764672)
[2018-03-04 - 19:23:44] [MoonBot] test U:Adrian(212317517748764672)
[2018-03-04 - 19:23:44] [MoonBot] test U:Adrian(212317517748764672)
[2018-03-04 - 19:23:44] [MoonBot] test U:Adrian(212317517748764672)
[2018-03-04 - 19:23:44] [MoonBot] test U:Adrian(212317517748764672)
[2018-03-04 - 19:23:44] [MoonBot] test U:Adrian(212317517748764672)
[2018-03-04 - 19:23:44] [MoonBot] test U:Adrian(212317517748764672)
[2018-03-04 - 19:23:44] [MoonBot] test U:Adrian(212317517748764672)
[2018-03-04 - 19:23:44] [MoonBot] test U:Adrian(212317517748764672)
[2018-03-04 - 19:23:44] [MoonBot] test U:Adrian(212317517748764672)
[2018-03-04 - 19:23:44] [MoonBot] test U:Adrian(212317517748764672)
[2018-03-04 - 19:23:44] [MoonBot] test U:Adrian(212317517748764672)
[2018-03-04 - 19:23:44] [MoonBot] test U:Adrian(212317517748764672)
