[09:59:16] [TimoBot] Loading libraries...
[09:59:20] [TimoBot] Successful connected to Discord!
[09:59:20] [TimoBot] TimoBot (Version 1.0) by Sebastian - Lasergott
[09:59:20] [TimoBot] Type 'help' for all available commands!
[09:59:30] [TimoBot] All available commands:
[09:59:30] [TimoBot]     help - shows the help page
[09:59:30] [TimoBot]     version - shows the system version
[09:59:30] [TimoBot]     reload - reload all configurations
[09:59:30] [TimoBot]     openSupport - open the 'Support' channel
[09:59:30] [TimoBot]     closeSupport - close the 'Support' channel
[09:59:30] [TimoBot]     exit - terminate this process
[09:59:31] [TimoBot] All available commands:
[09:59:31] [TimoBot]     help - shows the help page
[09:59:31] [TimoBot]     version - shows the system version
[09:59:31] [TimoBot]     reload - reload all configurations
[09:59:31] [TimoBot]     openSupport - open the 'Support' channel
[09:59:31] [TimoBot]     closeSupport - close the 'Support' channel
[09:59:31] [TimoBot]     exit - terminate this process
[09:59:32] [TimoBot] All available commands:
[09:59:32] [TimoBot]     help - shows the help page
[09:59:32] [TimoBot]     version - shows the system version
[09:59:32] [TimoBot]     reload - reload all configurations
[09:59:32] [TimoBot]     openSupport - open the 'Support' channel
[09:59:32] [TimoBot]     closeSupport - close the 'Support' channel
[09:59:32] [TimoBot]     exit - terminate this process
[09:59:33] [TimoBot] All available commands:
[09:59:33] [TimoBot]     help - shows the help page
[09:59:33] [TimoBot]     version - shows the system version
[09:59:33] [TimoBot]     reload - reload all configurations
[09:59:33] [TimoBot]     openSupport - open the 'Support' channel
[09:59:33] [TimoBot]     closeSupport - close the 'Support' channel
[09:59:33] [TimoBot]     exit - terminate this process
[09:59:33] [TimoBot] All available commands:
[09:59:33] [TimoBot]     help - shows the help page
[09:59:33] [TimoBot]     version - shows the system version
[09:59:33] [TimoBot]     reload - reload all configurations
[09:59:33] [TimoBot]     openSupport - open the 'Support' channel
[09:59:33] [TimoBot]     closeSupport - close the 'Support' channel
[09:59:33] [TimoBot]     exit - terminate this process
[09:59:34] [TimoBot] All available commands:
[09:59:34] [TimoBot]     help - shows the help page
[09:59:34] [TimoBot]     version - shows the system version
[09:59:34] [TimoBot]     reload - reload all configurations
[09:59:34] [TimoBot]     openSupport - open the 'Support' channel
[09:59:34] [TimoBot]     closeSupport - close the 'Support' channel
[09:59:34] [TimoBot]     exit - terminate this process
[09:59:45] [TimoBot] 'help' for all available commands.
[09:59:46] [TimoBot] 'help' for all available commands.
[09:59:46] [TimoBot] 'help' for all available commands.
[09:59:46] [TimoBot] 'help' for all available commands.
[09:59:47] [TimoBot] 'help' for all available commands.
[09:59:47] [TimoBot] 'help' for all available commands.
[10:01:55] [TimoBot] Loading libraries...
[10:01:57] [TimoBot] Successful connected to Discord!
[10:01:57] [TimoBot] TimoBot (Version 1.0) by Sebastian - Lasergott
[10:01:57] [TimoBot] Type 'help' for all available commands!
[10:02:00] [TimoBot] All available commands:
[10:02:00] [TimoBot]     help - shows the help page
[10:02:00] [TimoBot]     version - shows the system version
[10:02:00] [TimoBot]     reload - reload all configurations
[10:02:00] [TimoBot]     openSupport - open the 'Support' channel
[10:02:00] [TimoBot]     closeSupport - close the 'Support' channel
[10:02:00] [TimoBot]     exit - terminate this process
[10:02:01] [TimoBot] All available commands:
[10:02:01] [TimoBot]     help - shows the help page
[10:02:01] [TimoBot]     version - shows the system version
[10:02:01] [TimoBot]     reload - reload all configurations
[10:02:01] [TimoBot]     openSupport - open the 'Support' channel
[10:02:01] [TimoBot]     closeSupport - close the 'Support' channel
[10:02:01] [TimoBot]     exit - terminate this process
[10:02:01] [TimoBot] 'help' for all available commands.
[10:02:02] [TimoBot] 'help' for all available commands.
[10:02:02] [TimoBot] 'help' for all available commands.
[10:02:03] [TimoBot] 'help' for all available commands.
[10:02:03] [TimoBot] 'help' for all available commands.
[10:02:03] [TimoBot] 'help' for all available commands.
